
> @envie2sortir/web@0.1.0 test
> jest src/__tests__/events-logic.test.ts --verbose --coverage --coverageReporters=text-lcov

TN:
SF:src/middleware.ts
FN:7,middleware
FN:29,(anonymous_1)
FN:51,(anonymous_2)
FNF:3
FNH:0
FNDA:0,middleware
FNDA:0,(anonymous_1)
FNDA:0,(anonymous_2)
DA:1,0
DA:2,0
DA:3,0
DA:4,0
DA:6,0
DA:8,0
DA:11,0
DA:13,0
DA:14,0
DA:15,0
DA:19,0
DA:20,0
DA:21,0
DA:25,0
DA:30,0
DA:33,0
DA:51,0
DA:52,0
DA:56,0
DA:62,0
LF:20
LH:0
BRDA:11,0,0,0
BRDA:11,0,1,0
BRDA:11,1,0,0
BRDA:11,1,1,0
BRDA:14,2,0,0
BRDA:14,2,1,0
BRDA:20,3,0,0
BRDA:20,3,1,0
BRDA:51,4,0,0
BRDA:51,4,1,0
BRF:10
BRH:0
end_of_record
TN:
SF:src/app/api/admin/actions/route.ts
FN:7,POST
FN:73,GET
FNF:2
FNH:0
FNDA:0,POST
FNDA:0,GET
DA:1,0
DA:2,0
DA:3,0
DA:4,0
DA:7,0
DA:8,0
DA:10,0
DA:11,0
DA:14,0
DA:15,0
DA:17,0
DA:18,0
DA:22,0
DA:26,0
DA:27,0
DA:31,0
DA:58,0
DA:65,0
DA:66,0
DA:73,0
DA:74,0
DA:76,0
DA:77,0
DA:80,0
DA:81,0
DA:82,0
DA:83,0
DA:84,0
DA:86,0
DA:88,0
DA:89,0
DA:90,0
DA:93,0
DA:117,0
DA:119,0
DA:127,0
DA:128,0
LF:37
LH:0
BRDA:10,0,0,0
BRDA:10,0,1,0
BRDA:10,1,0,0
BRDA:10,1,1,0
BRDA:17,2,0,0
BRDA:17,2,1,0
BRDA:17,3,0,0
BRDA:17,3,1,0
BRDA:26,4,0,0
BRDA:26,4,1,0
BRDA:39,5,0,0
BRDA:39,5,1,0
BRDA:76,6,0,0
BRDA:76,6,1,0
BRDA:76,7,0,0
BRDA:76,7,1,0
BRDA:83,8,0,0
BRDA:83,8,1,0
BRDA:84,9,0,0
BRDA:84,9,1,0
BRDA:89,10,0,0
BRDA:89,10,1,0
BRF:22
BRH:0
end_of_record
TN:
SF:src/app/api/admin/analytics/establishments/route.ts
FN:8,GET
FN:47,(anonymous_1)
FN:52,(anonymous_2)
FN:59,(anonymous_3)
FN:75,(anonymous_4)
FNF:5
FNH:0
FNDA:0,GET
FNDA:0,(anonymous_1)
FNDA:0,(anonymous_2)
FNDA:0,(anonymous_3)
FNDA:0,(anonymous_4)
DA:1,0
DA:2,0
DA:3,0
DA:4,0
DA:6,0
DA:8,0
DA:9,0
DA:10,0
DA:12,0
DA:13,0
DA:20,0
DA:21,0
DA:28,0
DA:47,0
DA:48,0
DA:49,0
DA:52,0
DA:53,0
DA:54,0
DA:55,0
DA:58,0
DA:59,0
DA:61,0
DA:63,0
DA:75,0
DA:77,0
DA:79,0
DA:80,0
LF:28
LH:0
BRDA:12,0,0,0
BRDA:12,0,1,0
BRDA:12,1,0,0
BRDA:12,1,1,0
BRDA:12,2,0,0
BRDA:12,2,1,0
BRDA:12,3,0,0
BRDA:12,3,1,0
BRDA:12,4,0,0
BRDA:12,4,1,0
BRDA:20,5,0,0
BRDA:20,5,1,0
BRDA:53,6,0,0
BRDA:53,6,1,0
BRDA:54,7,0,0
BRDA:54,7,1,0
BRDA:61,8,0,0
BRDA:61,8,1,0
BRDA:68,9,0,0
BRDA:68,9,1,0
BRDA:69,10,0,0
BRDA:69,10,1,0
BRF:22
BRH:0
end_of_record
TN:
SF:src/app/api/admin/establishments/route.ts
FN:6,GET
FN:100,(anonymous_1)
FN:130,PATCH
FNF:3
FNH:0
FNDA:0,GET
FNDA:0,(anonymous_1)
FNDA:0,PATCH
DA:1,0
DA:2,0
DA:3,0
DA:4,0
DA:6,0
DA:7,0
DA:9,0
DA:10,0
DA:11,0
DA:15,0
DA:16,0
DA:17,0
DA:18,0
DA:19,0
DA:22,0
DA:23,0
DA:24,0
DA:26,0
DA:27,0
DA:37,0
DA:90,0
DA:93,0
DA:100,0
DA:101,0
DA:102,0
DA:105,0
DA:122,0
DA:123,0
DA:130,0
DA:131,0
DA:133,0
DA:134,0
DA:135,0
DA:138,0
DA:140,0
DA:141,0
DA:144,0
DA:146,0
DA:148,0
DA:153,0
DA:156,0
DA:157,0
DA:159,0
DA:164,0
DA:167,0
DA:171,0
DA:196,0
DA:205,0
DA:206,0
LF:49
LH:0
BRDA:10,0,0,0
BRDA:10,0,1,0
BRDA:10,1,0,0
BRDA:10,1,1,0
BRDA:17,2,0,0
BRDA:17,2,1,0
BRDA:18,3,0,0
BRDA:18,3,1,0
BRDA:23,4,0,0
BRDA:23,4,1,0
BRDA:26,5,0,0
BRDA:26,5,1,0
BRDA:114,6,0,0
BRDA:114,6,1,0
BRDA:115,7,0,0
BRDA:115,7,1,0
BRDA:116,8,0,0
BRDA:116,8,1,0
BRDA:134,9,0,0
BRDA:134,9,1,0
BRDA:134,10,0,0
BRDA:134,10,1,0
BRDA:140,11,0,0
BRDA:140,11,1,0
BRDA:140,12,0,0
BRDA:140,12,1,0
BRDA:146,13,0,0
BRDA:146,13,1,0
BRDA:146,13,2,0
BRDA:156,14,0,0
BRDA:156,14,1,0
BRDA:199,15,0,0
BRDA:199,15,1,0
BRF:33
BRH:0
end_of_record
TN:
SF:src/app/api/admin/establishments/actions/route.ts
FN:7,PATCH
FN:83,(anonymous_1)
FNF:2
FNH:0
FNDA:0,PATCH
FNDA:0,(anonymous_1)
DA:1,0
DA:2,0
DA:3,0
DA:4,0
DA:7,0
DA:8,0
DA:10,0
DA:11,0
DA:14,0
DA:15,0
DA:17,0
DA:18,0
DA:22,0
DA:26,0
DA:27,0
DA:30,0
DA:32,0
DA:35,0
DA:37,0
DA:38,0
DA:44,0
DA:47,0
DA:48,0
DA:50,0
DA:51,0
DA:57,0
DA:60,0
DA:61,0
DA:67,0
DA:71,0
DA:72,0
DA:76,0
DA:79,0
DA:83,0
DA:85,0
DA:91,0
DA:107,0
DA:110,0
DA:120,0
DA:121,0
LF:40
LH:0
BRDA:10,0,0,0
BRDA:10,0,1,0
BRDA:10,1,0,0
BRDA:10,1,1,0
BRDA:17,2,0,0
BRDA:17,2,1,0
BRDA:17,3,0,0
BRDA:17,3,1,0
BRDA:26,4,0,0
BRDA:26,4,1,0
BRDA:35,5,0,0
BRDA:35,5,1,0
BRDA:35,5,2,0
BRDA:35,5,3,0
BRDA:35,5,4,0
BRDA:47,6,0,0
BRDA:47,6,1,0
BRDA:114,7,0,0
BRDA:114,7,1,0
BRDA:115,8,0,0
BRDA:115,8,1,0
BRDA:116,9,0,0
BRDA:116,9,1,0
BRF:23
BRH:0
end_of_record
TN:
SF:src/app/api/admin/learning/correct/route.ts
FN:6,POST
FNF:1
FNH:0
FNDA:0,POST
DA:1,0
DA:2,0
DA:3,0
DA:4,0
DA:6,0
DA:7,0
DA:8,0
DA:10,0
DA:11,0
DA:14,0
DA:16,0
DA:17,0
DA:20,0
DA:22,0
DA:24,0
DA:25,0
LF:16
LH:0
BRDA:10,0,0,0
BRDA:10,0,1,0
BRDA:10,1,0,0
BRDA:10,1,1,0
BRDA:16,2,0,0
BRDA:16,2,1,0
BRDA:16,3,0,0
BRDA:16,3,1,0
BRDA:16,3,2,0
BRF:9
BRH:0
end_of_record
TN:
SF:src/app/api/admin/learning/delete/route.ts
FN:6,DELETE
FNF:1
FNH:0
FNDA:0,DELETE
DA:1,0
DA:2,0
DA:3,0
DA:4,0
DA:6,0
DA:7,0
DA:8,0
DA:10,0
DA:11,0
DA:14,0
DA:16,0
DA:17,0
DA:20,0
DA:24,0
DA:26,0
DA:27,0
LF:16
LH:0
BRDA:10,0,0,0
BRDA:10,0,1,0
BRDA:10,1,0,0
BRDA:10,1,1,0
BRDA:16,2,0,0
BRDA:16,2,1,0
BRF:6
BRH:0
end_of_record
TN:
SF:src/app/api/admin/learning/patterns/route.ts
FN:6,GET
FN:27,(anonymous_1)
FNF:2
FNH:0
FNDA:0,GET
FNDA:0,(anonymous_1)
DA:1,0
DA:2,0
DA:3,0
DA:4,0
DA:6,0
DA:7,0
DA:8,0
DA:10,0
DA:11,0
DA:14,0
DA:15,0
DA:16,0
DA:18,0
DA:27,0
DA:41,0
DA:43,0
DA:44,0
LF:17
LH:0
BRDA:10,0,0,0
BRDA:10,0,1,0
BRDA:10,1,0,0
BRDA:10,1,1,0
BRDA:15,2,0,0
BRDA:15,2,1,0
BRDA:16,3,0,0
BRDA:16,3,1,0
BRF:8
BRH:0
end_of_record
TN:
SF:src/app/api/admin/learning/stats/route.ts
FN:6,GET
FNF:1
FNH:0
FNDA:0,GET
DA:1,0
DA:2,0
DA:3,0
DA:4,0
DA:6,0
DA:7,0
DA:8,0
DA:10,0
DA:11,0
DA:14,0
DA:16,0
DA:18,0
DA:19,0
LF:13
LH:0
BRDA:10,0,0,0
BRDA:10,0,1,0
BRDA:10,1,0,0
BRDA:10,1,1,0
BRF:4
BRH:0
end_of_record
TN:
SF:src/app/api/admin/learning/validate/route.ts
FN:6,POST
FNF:1
FNH:0
FNDA:0,POST
DA:1,0
DA:2,0
DA:3,0
DA:4,0
DA:6,0
DA:7,0
DA:8,0
DA:10,0
DA:11,0
DA:14,0
DA:16,0
DA:17,0
DA:21,0
DA:31,0
DA:36,0
DA:37,0
LF:16
LH:0
BRDA:10,0,0,0
BRDA:10,0,1,0
BRDA:10,1,0,0
BRDA:10,1,1,0
BRDA:16,2,0,0
BRDA:16,2,1,0
BRDA:16,3,0,0
BRDA:16,3,1,0
BRDA:16,3,2,0
BRDA:26,4,0,0
BRDA:26,4,1,0
BRDA:26,4,2,0
BRDA:39,5,0,0
BRDA:39,5,1,0
BRDA:39,6,0,0
BRDA:39,6,1,0
BRF:16
BRH:0
end_of_record
TN:
SF:src/app/api/admin/metrics/route.ts
FN:6,GET
FNF:1
FNH:0
FNDA:0,GET
DA:1,0
DA:2,0
DA:3,0
DA:4,0
DA:6,0
DA:7,0
DA:9,0
DA:11,0
DA:12,0
DA:16,0
DA:17,0
DA:18,0
DA:19,0
DA:22,0
DA:25,0
DA:26,0
DA:27,0
DA:28,0
DA:31,0
DA:36,0
DA:57,0
DA:63,0
DA:70,0
DA:71,0
LF:24
LH:0
BRDA:11,0,0,0
BRDA:11,0,1,0
BRDA:11,1,0,0
BRDA:11,1,1,0
BRDA:11,2,0,0
BRDA:11,2,1,0
BRDA:11,3,0,0
BRDA:11,3,1,0
BRF:8
BRH:0
end_of_record
TN:
SF:src/app/api/admin/pending-count/route.ts
FN:6,GET
FNF:1
FNH:0
FNDA:0,GET
DA:1,0
DA:2,0
DA:3,0
DA:4,0
DA:6,0
DA:7,0
DA:8,0
DA:10,0
DA:11,0
DA:15,0
DA:16,0
DA:20,0
DA:27,0
DA:34,0
DA:36,0
DA:46,0
DA:47,0
LF:17
LH:0
BRDA:10,0,0,0
BRDA:10,0,1,0
BRDA:10,1,0,0
BRDA:10,1,1,0
BRDA:10,2,0,0
BRDA:10,2,1,0
BRDA:15,3,0,0
BRDA:15,3,1,0
BRF:8
BRH:0
end_of_record
TN:
SF:src/app/api/admin/review-update/route.ts
FN:6,POST
FNF:1
FNH:0
FNDA:0,POST
DA:1,0
DA:2,0
DA:3,0
DA:4,0
DA:6,0
DA:7,0
DA:8,0
DA:10,0
DA:11,0
DA:15,0
DA:16,0
DA:19,0
DA:20,0
DA:22,0
DA:23,0
DA:28,0
DA:29,0
DA:34,0
DA:35,0
DA:41,0
DA:55,0
DA:56,0
DA:61,0
DA:62,0
DA:68,0
DA:69,0
DA:74,0
DA:76,0
DA:86,0
DA:93,0
DA:96,0
DA:98,0
DA:105,0
DA:115,0
DA:116,0
DA:119,0
DA:121,0
DA:128,0
DA:129,0
LF:39
LH:0
BRDA:10,0,0,0
BRDA:10,0,1,0
BRDA:10,1,0,0
BRDA:10,1,1,0
BRDA:10,2,0,0
BRDA:10,2,1,0
BRDA:15,3,0,0
BRDA:15,3,1,0
BRDA:22,4,0,0
BRDA:22,4,1,0
BRDA:22,5,0,0
BRDA:22,5,1,0
BRDA:28,6,0,0
BRDA:28,6,1,0
BRDA:28,7,0,0
BRDA:28,7,1,0
BRDA:34,8,0,0
BRDA:34,8,1,0
BRDA:34,9,0,0
BRDA:34,9,1,0
BRDA:55,10,0,0
BRDA:55,10,1,0
BRDA:61,11,0,0
BRDA:61,11,1,0
BRDA:68,12,0,0
BRDA:68,12,1,0
BRDA:68,13,0,0
BRDA:68,13,1,0
BRDA:74,14,0,0
BRDA:74,14,1,0
BRF:30
BRH:0
end_of_record
TN:
SF:src/app/api/admin/stats/route.ts
FN:4,GET
FNF:1
FNH:0
FNDA:0,GET
DA:1,0
DA:2,0
DA:4,0
DA:5,0
DA:7,0
DA:17,0
DA:31,0
DA:37,0
DA:38,0
LF:9
LH:0
BRF:0
BRH:0
end_of_record
TN:
SF:src/app/api/analytics/detailed/route.ts
FN:7,GET
FN:119,(anonymous_1)
FN:124,(anonymous_2)
FN:137,(anonymous_3)
FN:143,(anonymous_4)
FN:147,(anonymous_5)
FN:162,(anonymous_6)
FN:168,(anonymous_7)
FN:172,(anonymous_8)
FN:185,(anonymous_9)
FN:190,(anonymous_10)
FN:195,(anonymous_11)
FN:196,(anonymous_12)
FN:209,(anonymous_13)
FN:215,(anonymous_14)
FN:218,(anonymous_15)
FN:222,(anonymous_16)
FN:231,(anonymous_17)
FN:236,(anonymous_18)
FN:239,(anonymous_19)
FN:242,(anonymous_20)
FN:245,(anonymous_21)
FN:255,(anonymous_22)
FN:257,(anonymous_23)
FN:263,(anonymous_24)
FNF:25
FNH:0
FNDA:0,GET
FNDA:0,(anonymous_1)
FNDA:0,(anonymous_2)
FNDA:0,(anonymous_3)
FNDA:0,(anonymous_4)
FNDA:0,(anonymous_5)
FNDA:0,(anonymous_6)
FNDA:0,(anonymous_7)
FNDA:0,(anonymous_8)
FNDA:0,(anonymous_9)
FNDA:0,(anonymous_10)
FNDA:0,(anonymous_11)
FNDA:0,(anonymous_12)
FNDA:0,(anonymous_13)
FNDA:0,(anonymous_14)
FNDA:0,(anonymous_15)
FNDA:0,(anonymous_16)
FNDA:0,(anonymous_17)
FNDA:0,(anonymous_18)
FNDA:0,(anonymous_19)
FNDA:0,(anonymous_20)
FNDA:0,(anonymous_21)
FNDA:0,(anonymous_22)
FNDA:0,(anonymous_23)
FNDA:0,(anonymous_24)
DA:1,0
DA:2,0
DA:3,0
DA:4,0
DA:5,0
DA:7,0
DA:8,0
DA:9,0
DA:10,0
DA:11,0
DA:13,0
DA:14,0
DA:15,0
DA:17,0
DA:18,0
DA:22,0
DA:26,0
DA:27,0
DA:28,0
DA:32,0
DA:35,0
DA:37,0
DA:38,0
DA:40,0
DA:41,0
DA:43,0
DA:44,0
DA:46,0
DA:47,0
DA:49,0
DA:53,0
DA:65,0
DA:67,0
DA:78,0
DA:118,0
DA:119,0
DA:120,0
DA:123,0
DA:124,0
DA:125,0
DA:126,0
DA:127,0
DA:129,0
DA:130,0
DA:131,0
DA:132,0
DA:136,0
DA:137,0
DA:143,0
DA:146,0
DA:147,0
DA:148,0
DA:149,0
DA:151,0
DA:152,0
DA:154,0
DA:155,0
DA:156,0
DA:157,0
DA:161,0
DA:162,0
DA:168,0
DA:171,0
DA:172,0
DA:173,0
DA:174,0
DA:175,0
DA:181,0
DA:184,0
DA:185,0
DA:190,0
DA:193,0
DA:194,0
DA:195,0
DA:197,0
DA:198,0
DA:199,0
DA:201,0
DA:202,0
DA:203,0
DA:204,0
DA:208,0
DA:209,0
DA:215,0
DA:218,0
DA:219,0
DA:220,0
DA:222,0
DA:223,0
DA:224,0
DA:226,0
DA:227,0
DA:230,0
DA:231,0
DA:236,0
DA:238,0
DA:239,0
DA:242,0
DA:243,0
DA:245,0
DA:246,0
DA:247,0
DA:249,0
DA:250,0
DA:252,0
DA:255,0
DA:256,0
DA:257,0
DA:263,0
DA:265,0
DA:282,0
DA:283,0
LF:112
LH:0
BRDA:10,0,0,0
BRDA:10,0,1,0
BRDA:10,1,0,0
BRDA:10,1,1,0
BRDA:10,2,0,0
BRDA:10,2,1,0
BRDA:15,3,0,0
BRDA:15,3,1,0
BRDA:17,4,0,0
BRDA:17,4,1,0
BRDA:26,5,0,0
BRDA:26,5,1,0
BRDA:26,6,0,0
BRDA:26,6,1,0
BRDA:35,7,0,0
BRDA:35,7,1,0
BRDA:35,7,2,0
BRDA:35,7,3,0
BRDA:35,7,4,0
BRDA:65,8,0,0
BRDA:65,8,1,0
BRDA:125,9,0,0
BRDA:125,9,1,0
BRDA:126,10,0,0
BRDA:126,10,1,0
BRDA:131,11,0,0
BRDA:131,11,1,0
BRDA:149,12,0,0
BRDA:149,12,1,0
BRDA:151,13,0,0
BRDA:151,13,1,0
BRDA:156,14,0,0
BRDA:156,14,1,0
BRDA:174,15,0,0
BRDA:174,15,1,0
BRDA:177,16,0,0
BRDA:177,16,1,0
BRDA:195,17,0,0
BRDA:195,17,1,0
BRDA:197,18,0,0
BRDA:197,18,1,0
BRDA:198,19,0,0
BRDA:198,19,1,0
BRDA:203,20,0,0
BRDA:203,20,1,0
BRDA:223,21,0,0
BRDA:223,21,1,0
BRDA:224,22,0,0
BRDA:224,22,1,0
BRDA:226,23,0,0
BRDA:226,23,1,0
BRDA:227,24,0,0
BRDA:227,24,1,0
BRDA:238,25,0,0
BRDA:238,25,1,0
BRDA:238,26,0,0
BRDA:238,26,1,0
BRDA:238,27,0,0
BRDA:238,27,1,0
BRDA:247,28,0,0
BRDA:247,28,1,0
BRDA:249,29,0,0
BRDA:249,29,1,0
BRDA:258,30,0,0
BRDA:258,30,1,0
BRDA:261,31,0,0
BRDA:261,31,1,0
BRF:67
BRH:0
end_of_record
TN:
SF:src/app/api/analytics/search/route.ts
FN:6,GET
FN:54,(anonymous_1)
FN:91,(anonymous_2)
FN:99,(anonymous_3)
FN:104,(anonymous_4)
FN:107,(anonymous_5)
FN:108,(anonymous_6)
FN:112,(anonymous_7)
FN:113,(anonymous_8)
FN:140,(anonymous_9)
FNF:10
FNH:0
FNDA:0,GET
FNDA:0,(anonymous_1)
FNDA:0,(anonymous_2)
FNDA:0,(anonymous_3)
FNDA:0,(anonymous_4)
FNDA:0,(anonymous_5)
FNDA:0,(anonymous_6)
FNDA:0,(anonymous_7)
FNDA:0,(anonymous_8)
FNDA:0,(anonymous_9)
DA:1,0
DA:2,0
DA:4,0
DA:6,0
DA:7,0
DA:8,0
DA:9,0
DA:14,0
DA:17,0
DA:19,0
DA:20,0
DA:22,0
DA:23,0
DA:25,0
DA:26,0
DA:28,0
DA:29,0
DA:31,0
DA:35,0
DA:47,0
DA:54,0
DA:55,0
DA:57,0
DA:58,0
DA:66,0
DA:67,0
DA:70,0
DA:71,0
DA:73,0
DA:74,0
DA:75,0
DA:80,0
DA:84,0
DA:85,0
DA:90,0
DA:91,0
DA:99,0
DA:104,0
DA:107,0
DA:108,0
DA:111,0
DA:112,0
DA:113,0
DA:119,0
DA:134,0
DA:140,0
DA:147,0
DA:148,0
LF:48
LH:0
BRDA:9,0,0,0
BRDA:9,0,1,0
BRDA:17,1,0,0
BRDA:17,1,1,0
BRDA:17,1,2,0
BRDA:17,1,3,0
BRDA:17,1,4,0
BRDA:57,2,0,0
BRDA:57,2,1,0
BRDA:70,3,0,0
BRDA:70,3,1,0
BRDA:70,4,0,0
BRDA:70,4,1,0
BRDA:74,5,0,0
BRDA:74,5,1,0
BRDA:84,6,0,0
BRDA:84,6,1,0
BRDA:95,7,0,0
BRDA:95,7,1,0
BRF:19
BRH:0
end_of_record
TN:
SF:src/app/api/analytics/search/track/route.ts
FN:6,POST
FNF:1
FNH:0
FNDA:0,POST
DA:1,0
DA:2,0
DA:4,0
DA:6,0
DA:7,0
DA:8,0
DA:19,0
DA:22,0
DA:23,0
DA:30,0
DA:44,0
DA:46,0
DA:47,0
LF:13
LH:0
BRDA:22,0,0,0
BRDA:22,0,1,0
BRDA:33,1,0,0
BRDA:33,1,1,0
BRDA:36,2,0,0
BRDA:36,2,1,0
BRDA:37,3,0,0
BRDA:37,3,1,0
BRF:8
BRH:0
end_of_record
TN:
SF:src/app/api/analytics/track/route.ts
FN:10,POST
FN:73,GET
FN:172,(anonymous_2)
FN:178,(anonymous_3)
FN:187,(anonymous_4)
FNF:5
FNH:0
FNDA:0,POST
FNDA:0,GET
FNDA:0,(anonymous_2)
FNDA:0,(anonymous_3)
FNDA:0,(anonymous_4)
DA:1,0
DA:2,0
DA:3,0
DA:4,0
DA:5,0
DA:6,0
DA:8,0
DA:10,0
DA:11,0
DA:12,0
DA:24,0
DA:27,0
DA:28,0
DA:35,0
DA:40,0
DA:41,0
DA:48,0
DA:62,0
DA:64,0
DA:65,0
DA:73,0
DA:74,0
DA:76,0
DA:77,0
DA:78,0
DA:81,0
DA:82,0
DA:83,0
DA:85,0
DA:86,0
DA:93,0
DA:97,0
DA:98,0
DA:99,0
DA:103,0
DA:106,0
DA:108,0
DA:109,0
DA:111,0
DA:112,0
DA:114,0
DA:115,0
DA:117,0
DA:118,0
DA:120,0
DA:124,0
DA:143,0
DA:157,0
DA:170,0
DA:172,0
DA:173,0
DA:174,0
DA:178,0
DA:184,0
DA:187,0
DA:193,0
DA:194,0
LF:57
LH:0
BRDA:27,0,0,0
BRDA:27,0,1,0
BRDA:27,1,0,0
BRDA:27,1,1,0
BRDA:27,1,2,0
BRDA:27,1,3,0
BRDA:40,2,0,0
BRDA:40,2,1,0
BRDA:58,3,0,0
BRDA:58,3,1,0
BRDA:77,4,0,0
BRDA:77,4,1,0
BRDA:77,5,0,0
BRDA:77,5,1,0
BRDA:77,6,0,0
BRDA:77,6,1,0
BRDA:83,7,0,0
BRDA:83,7,1,0
BRDA:85,8,0,0
BRDA:85,8,1,0
BRDA:97,9,0,0
BRDA:97,9,1,0
BRDA:97,10,0,0
BRDA:97,10,1,0
BRDA:106,11,0,0
BRDA:106,11,1,0
BRDA:106,11,2,0
BRDA:106,11,3,0
BRDA:106,11,4,0
BRDA:174,12,0,0
BRDA:174,12,1,0
BRDA:180,13,0,0
BRDA:180,13,1,0
BRF:33
BRH:0
end_of_record
TN:
SF:src/app/api/auth/[...nextauth]/route.ts
FNF:0
FNH:0
DA:1,0
DA:2,0
DA:4,0
DA:6,0
LF:4
LH:0
BRF:0
BRH:0
end_of_record
TN:
SF:src/app/api/auth/login/route.ts
FN:12,POST
FNF:1
FNH:0
FNDA:0,POST
DA:1,0
DA:2,0
DA:3,0
DA:4,0
DA:5,0
DA:7,0
DA:12,0
DA:13,0
DA:14,0
DA:15,0
DA:16,0
DA:18,0
DA:19,0
DA:22,0
DA:28,0
DA:31,0
DA:33,0
DA:34,0
DA:39,0
DA:44,0
DA:50,0
DA:53,0
DA:54,0
DA:55,0
DA:56,0
DA:62,0
DA:63,0
DA:69,0
DA:70,0
DA:80,0
LF:30
LH:0
BRDA:14,0,0,0
BRDA:14,0,1,0
BRDA:15,1,0,0
BRDA:15,1,1,0
BRDA:15,1,2,0
BRDA:53,2,0,0
BRDA:53,2,1,0
BRDA:54,3,0,0
BRDA:54,3,1,0
BRDA:54,4,0,0
BRDA:54,4,1,0
BRDA:57,5,0,0
BRDA:57,5,1,0
BRDA:57,6,0,0
BRDA:57,6,1,0
BRDA:66,7,0,0
BRDA:66,7,1,0
BRDA:69,8,0,0
BRDA:69,8,1,0
BRDA:69,9,0,0
BRDA:69,9,1,0
BRDA:83,10,0,0
BRDA:83,10,1,0
BRF:23
BRH:0
end_of_record
TN:
SF:src/app/api/auth/register/route.ts
FN:12,(anonymous_0)
FN:15,POST
FNF:2
FNH:0
FNDA:0,(anonymous_0)
FNDA:0,POST
DA:1,0
DA:2,0
DA:3,0
DA:4,0
DA:5,0
DA:7,0
DA:12,0
DA:15,0
DA:16,0
DA:17,0
DA:18,0
DA:19,0
DA:21,0
DA:22,0
DA:25,0
DA:34,0
DA:37,0
DA:44,0
DA:45,0
DA:50,0
DA:56,0
DA:67,0
DA:70,0
DA:71,0
DA:72,0
DA:78,0
DA:79,0
DA:85,0
DA:86,0
DA:96,0
LF:30
LH:0
BRDA:17,0,0,0
BRDA:17,0,1,0
BRDA:18,1,0,0
BRDA:18,1,1,0
BRDA:18,1,2,0
BRDA:70,2,0,0
BRDA:70,2,1,0
BRDA:70,3,0,0
BRDA:70,3,1,0
BRDA:70,4,0,0
BRDA:70,4,1,0
BRDA:70,5,0,0
BRDA:70,5,1,0
BRDA:70,6,0,0
BRDA:70,6,1,0
BRDA:70,7,0,0
BRDA:70,7,1,0
BRDA:73,8,0,0
BRDA:73,8,1,0
BRDA:73,9,0,0
BRDA:73,9,1,0
BRDA:85,10,0,0
BRDA:85,10,1,0
BRDA:99,11,0,0
BRDA:99,11,1,0
BRF:25
BRH:0
end_of_record
TN:
SF:src/app/api/auth/verify-establishment/route.ts
FN:13,GET
FNF:1
FNH:0
FNDA:0,GET
DA:8,0
DA:9,0
DA:10,0
DA:11,0
DA:13,0
DA:14,0
DA:15,0
DA:17,0
DA:18,0
DA:23,0
DA:24,0
DA:31,0
DA:33,0
DA:43,0
DA:44,0
LF:15
LH:0
BRDA:17,0,0,0
BRDA:17,0,1,0
BRDA:17,1,0,0
BRDA:17,1,1,0
BRDA:17,2,0,0
BRDA:17,2,1,0
BRDA:23,3,0,0
BRDA:23,3,1,0
BRDA:23,4,0,0
BRDA:23,4,1,0
BRDA:35,5,0,0
BRDA:35,5,1,0
BRF:12
BRH:0
end_of_record
TN:
SF:src/app/api/categories/route.ts
FN:972,GET
FN:998,(anonymous_1)
FN:1000,(anonymous_2)
FN:1010,(anonymous_3)
FN:1016,(anonymous_4)
FNF:5
FNH:0
FNDA:0,GET
FNDA:0,(anonymous_1)
FNDA:0,(anonymous_2)
FNDA:0,(anonymous_3)
FNDA:0,(anonymous_4)
DA:18,0
DA:19,0
DA:33,0
DA:972,0
DA:973,0
DA:975,0
DA:976,0
DA:979,0
DA:980,0
DA:981,0
DA:988,0
DA:996,0
DA:998,0
DA:999,0
DA:1000,0
DA:1001,0
DA:1002,0
DA:1009,0
DA:1010,0
DA:1016,0
DA:1018,0
DA:1022,0
DA:1025,0
LF:23
LH:0
BRDA:976,0,0,0
BRDA:976,0,1,0
BRDA:976,1,0,0
BRDA:976,1,1,0
BRDA:980,2,0,0
BRDA:980,2,1,0
BRDA:989,3,0,0
BRDA:989,3,1,0
BRDA:999,4,0,0
BRDA:999,4,1,0
BRDA:999,5,0,0
BRDA:999,5,1,0
BRDA:1001,6,0,0
BRDA:1001,6,1,0
BRDA:1002,7,0,0
BRDA:1002,7,1,0
BRDA:1012,8,0,0
BRDA:1012,8,1,0
BRDA:1012,9,0,0
BRDA:1012,9,1,0
BRDA:1012,10,0,0
BRDA:1012,10,1,0
BRDA:1012,11,0,0
BRDA:1012,11,1,0
BRDA:1013,12,0,0
BRDA:1013,12,1,0
BRDA:1013,13,0,0
BRDA:1013,13,1,0
BRDA:1013,14,0,0
BRDA:1013,14,1,0
BRDA:1013,15,0,0
BRDA:1013,15,1,0
BRF:32
BRH:0
end_of_record
TN:
SF:src/app/api/check-email/route.ts
FN:8,POST
FNF:1
FNH:0
FNDA:0,POST
DA:1,0
DA:2,0
DA:8,0
DA:9,0
DA:10,0
DA:12,0
DA:13,0
DA:19,0
DA:22,0
DA:36,0
DA:37,0
DA:45,0
DA:51,0
DA:52,0
LF:14
LH:0
BRDA:12,0,0,0
BRDA:12,0,1,0
BRDA:12,1,0,0
BRDA:12,1,1,0
BRDA:36,2,0,0
BRDA:36,2,1,0
BRDA:41,3,0,0
BRDA:41,3,1,0
BRDA:41,4,0,0
BRDA:41,4,1,0
BRDA:41,5,0,0
BRDA:41,5,1,0
BRF:12
BRH:0
end_of_record
TN:
SF:src/app/api/check-siret/route.ts
FN:9,POST
FNF:1
FNH:0
FNDA:0,POST
DA:1,0
DA:2,0
DA:9,0
DA:10,0
DA:11,0
DA:13,0
DA:14,0
DA:20,0
DA:23,0
DA:36,0
DA:37,0
DA:48,0
DA:54,0
DA:55,0
LF:14
LH:0
BRDA:13,0,0,0
BRDA:13,0,1,0
BRDA:13,1,0,0
BRDA:13,1,1,0
BRDA:36,2,0,0
BRDA:36,2,1,0
BRDA:42,3,0,0
BRDA:42,3,1,0
BRDA:42,4,0,0
BRDA:42,4,1,0
BRDA:42,5,0,0
BRDA:42,5,1,0
BRF:12
BRH:0
end_of_record
TN:
SF:src/app/api/csrf/token/route.ts
FN:5,GET
FNF:1
FNH:0
FNDA:0,GET
DA:1,0
DA:2,0
DA:3,0
DA:5,0
DA:6,0
DA:7,0
DA:8,0
DA:9,0
DA:11,0
DA:14,0
DA:15,0
DA:19,0
DA:25,0
DA:27,0
DA:28,0
DA:30,0
DA:35,0
DA:47,0
DA:48,0
DA:50,0
DA:55,0
LF:21
LH:0
BRDA:7,0,0,0
BRDA:7,0,1,0
BRDA:8,1,0,0
BRDA:8,1,1,0
BRDA:8,1,2,0
BRDA:14,2,0,0
BRDA:14,2,1,0
BRDA:15,3,0,0
BRDA:15,3,1,0
BRDA:16,4,0,0
BRDA:16,4,1,0
BRF:11
BRH:0
end_of_record
TN:
SF:src/app/api/dashboard/change-password/route.ts
FN:7,POST
FNF:1
FNH:0
FNDA:0,POST
DA:1,0
DA:2,0
DA:3,0
DA:4,0
DA:5,0
DA:7,0
DA:8,0
DA:9,0
DA:11,0
DA:12,0
DA:16,0
DA:17,0
DA:20,0
DA:21,0
DA:24,0
DA:25,0
DA:31,0
DA:32,0
DA:38,0
DA:39,0
DA:40,0
DA:41,0
DA:43,0
DA:44,0
DA:50,0
DA:54,0
DA:55,0
DA:61,0
DA:63,0
DA:64,0
DA:70,0
DA:71,0
DA:72,0
DA:78,0
DA:81,0
DA:86,0
DA:92,0
DA:93,0
LF:38
LH:0
BRDA:11,0,0,0
BRDA:11,0,1,0
BRDA:11,1,0,0
BRDA:11,1,1,0
BRDA:11,2,0,0
BRDA:11,2,1,0
BRDA:16,3,0,0
BRDA:16,3,1,0
BRDA:16,4,0,0
BRDA:16,4,1,0
BRDA:24,5,0,0
BRDA:24,5,1,0
BRDA:24,6,0,0
BRDA:24,6,1,0
BRDA:31,7,0,0
BRDA:31,7,1,0
BRDA:43,8,0,0
BRDA:43,8,1,0
BRDA:43,9,0,0
BRDA:43,9,1,0
BRDA:43,9,2,0
BRDA:43,9,3,0
BRDA:54,10,0,0
BRDA:54,10,1,0
BRDA:54,11,0,0
BRDA:54,11,1,0
BRDA:63,12,0,0
BRDA:63,12,1,0
BRDA:71,13,0,0
BRDA:71,13,1,0
BRF:30
BRH:0
end_of_record
TN:
SF:src/app/api/dashboard/events/route.ts
FN:14,GET
FN:63,POST
FNF:2
FNH:0
FNDA:0,GET
FNDA:0,POST
DA:1,0
DA:2,0
DA:3,0
DA:4,0
DA:5,0
DA:14,0
DA:15,0
DA:16,0
DA:18,0
DA:19,0
DA:23,0
DA:24,0
DA:27,0
DA:28,0
DA:32,0
DA:37,0
DA:38,0
DA:42,0
DA:43,0
DA:44,0
DA:45,0
DA:49,0
DA:54,0
DA:57,0
DA:58,0
DA:63,0
DA:64,0
DA:65,0
DA:67,0
DA:68,0
DA:72,0
DA:73,0
DA:76,0
DA:77,0
DA:81,0
DA:86,0
DA:87,0
DA:91,0
DA:92,0
DA:93,0
DA:94,0
DA:97,0
DA:98,0
DA:101,0
DA:102,0
DA:106,0
DA:120,0
DA:127,0
DA:128,0
LF:49
LH:0
BRDA:18,0,0,0
BRDA:18,0,1,0
BRDA:18,1,0,0
BRDA:18,1,1,0
BRDA:18,2,0,0
BRDA:18,2,1,0
BRDA:23,3,0,0
BRDA:23,3,1,0
BRDA:23,4,0,0
BRDA:23,4,1,0
BRDA:27,5,0,0
BRDA:27,5,1,0
BRDA:37,6,0,0
BRDA:37,6,1,0
BRDA:43,7,0,0
BRDA:43,7,1,0
BRDA:67,8,0,0
BRDA:67,8,1,0
BRDA:67,9,0,0
BRDA:67,9,1,0
BRDA:67,10,0,0
BRDA:67,10,1,0
BRDA:72,11,0,0
BRDA:72,11,1,0
BRDA:72,12,0,0
BRDA:72,12,1,0
BRDA:76,13,0,0
BRDA:76,13,1,0
BRDA:86,14,0,0
BRDA:86,14,1,0
BRDA:92,15,0,0
BRDA:92,15,1,0
BRDA:101,16,0,0
BRDA:101,16,1,0
BRDA:101,17,0,0
BRDA:101,17,1,0
BRDA:112,18,0,0
BRDA:112,18,1,0
BRDA:114,19,0,0
BRDA:114,19,1,0
BRDA:115,20,0,0
BRDA:115,20,1,0
BRF:42
BRH:0
end_of_record
TN:
SF:src/app/api/dashboard/events/[id]/route.ts
FN:13,PUT
FN:92,DELETE
FNF:2
FNH:0
FNDA:0,PUT
FNDA:0,DELETE
DA:1,0
DA:2,0
DA:3,0
DA:4,0
DA:13,0
DA:17,0
DA:18,0
DA:20,0
DA:21,0
DA:25,0
DA:26,0
DA:29,0
DA:30,0
DA:34,0
DA:39,0
DA:40,0
DA:43,0
DA:44,0
DA:45,0
DA:48,0
DA:49,0
DA:53,0
DA:60,0
DA:61,0
DA:65,0
DA:79,0
DA:86,0
DA:87,0
DA:92,0
DA:96,0
DA:97,0
DA:99,0
DA:100,0
DA:104,0
DA:105,0
DA:108,0
DA:109,0
DA:113,0
DA:118,0
DA:119,0
DA:122,0
DA:125,0
DA:132,0
DA:133,0
DA:137,0
DA:141,0
DA:147,0
DA:148,0
LF:48
LH:0
BRDA:20,0,0,0
BRDA:20,0,1,0
BRDA:20,1,0,0
BRDA:20,1,1,0
BRDA:20,2,0,0
BRDA:20,2,1,0
BRDA:25,3,0,0
BRDA:25,3,1,0
BRDA:25,4,0,0
BRDA:25,4,1,0
BRDA:29,5,0,0
BRDA:29,5,1,0
BRDA:39,6,0,0
BRDA:39,6,1,0
BRDA:39,7,0,0
BRDA:39,7,1,0
BRDA:48,8,0,0
BRDA:48,8,1,0
BRDA:48,9,0,0
BRDA:48,9,1,0
BRDA:60,10,0,0
BRDA:60,10,1,0
BRDA:72,11,0,0
BRDA:72,11,1,0
BRDA:74,12,0,0
BRDA:74,12,1,0
BRDA:75,13,0,0
BRDA:75,13,1,0
BRDA:99,14,0,0
BRDA:99,14,1,0
BRDA:99,15,0,0
BRDA:99,15,1,0
BRDA:99,16,0,0
BRDA:99,16,1,0
BRDA:104,17,0,0
BRDA:104,17,1,0
BRDA:104,18,0,0
BRDA:104,18,1,0
BRDA:108,19,0,0
BRDA:108,19,1,0
BRDA:118,20,0,0
BRDA:118,20,1,0
BRDA:118,21,0,0
BRDA:118,21,1,0
BRDA:132,22,0,0
BRDA:132,22,1,0
BRF:46
BRH:0
end_of_record
TN:
SF:src/app/api/dashboard/images/route.ts
FN:10,POST
FN:134,GET
FNF:2
FNH:0
FNDA:0,POST
FNDA:0,GET
DA:1,0
DA:2,0
DA:3,0
DA:4,0
DA:5,0
DA:6,0
DA:7,0
DA:8,0
DA:10,0
DA:11,0
DA:12,0
DA:14,0
DA:15,0
DA:19,0
DA:20,0
DA:23,0
DA:24,0
DA:28,0
DA:39,0
DA:40,0
DA:44,0
DA:45,0
DA:47,0
DA:48,0
DA:56,0
DA:57,0
DA:59,0
DA:60,0
DA:64,0
DA:65,0
DA:66,0
DA:72,0
DA:73,0
DA:74,0
DA:80,0
DA:81,0
DA:84,0
DA:85,0
DA:86,0
DA:89,0
DA:90,0
DA:91,0
DA:93,0
DA:96,0
DA:98,0
DA:108,0
DA:109,0
DA:115,0
DA:127,0
DA:128,0
DA:134,0
DA:135,0
DA:136,0
DA:138,0
DA:139,0
DA:143,0
DA:144,0
DA:147,0
DA:148,0
DA:152,0
DA:173,0
DA:174,0
DA:177,0
DA:188,0
DA:189,0
LF:65
LH:0
BRDA:14,0,0,0
BRDA:14,0,1,0
BRDA:14,1,0,0
BRDA:14,1,1,0
BRDA:14,2,0,0
BRDA:14,2,1,0
BRDA:19,3,0,0
BRDA:19,3,1,0
BRDA:19,4,0,0
BRDA:19,4,1,0
BRDA:23,5,0,0
BRDA:23,5,1,0
BRDA:39,6,0,0
BRDA:39,6,1,0
BRDA:47,7,0,0
BRDA:47,7,1,0
BRDA:59,8,0,0
BRDA:59,8,1,0
BRDA:65,9,0,0
BRDA:65,9,1,0
BRDA:73,10,0,0
BRDA:73,10,1,0
BRDA:108,11,0,0
BRDA:108,11,1,0
BRDA:138,12,0,0
BRDA:138,12,1,0
BRDA:138,13,0,0
BRDA:138,13,1,0
BRDA:138,14,0,0
BRDA:138,14,1,0
BRDA:143,15,0,0
BRDA:143,15,1,0
BRDA:143,16,0,0
BRDA:143,16,1,0
BRDA:147,17,0,0
BRDA:147,17,1,0
BRDA:173,18,0,0
BRDA:173,18,1,0
BRF:38
BRH:0
end_of_record
TN:
SF:src/app/api/dashboard/images/[id]/route.ts
FN:8,DELETE
FNF:1
FNH:0
FNDA:0,DELETE
DA:1,0
DA:2,0
DA:3,0
DA:4,0
DA:5,0
DA:6,0
DA:8,0
DA:12,0
DA:14,0
DA:15,0
DA:16,0
DA:21,0
DA:22,0
DA:25,0
DA:28,0
DA:40,0
DA:41,0
DA:45,0
DA:46,0
DA:50,0
DA:51,0
DA:52,0
DA:53,0
DA:55,0
DA:60,0
DA:65,0
DA:71,0
DA:73,0
DA:77,0
DA:80,0
DA:84,0
DA:87,0
DA:89,0
DA:94,0
DA:95,0
LF:35
LH:0
BRDA:15,0,0,0
BRDA:15,0,1,0
BRDA:15,1,0,0
BRDA:15,1,1,0
BRDA:15,2,0,0
BRDA:15,2,1,0
BRDA:15,3,0,0
BRDA:15,3,1,0
BRDA:15,4,0,0
BRDA:15,4,1,0
BRDA:21,5,0,0
BRDA:21,5,1,0
BRDA:21,6,0,0
BRDA:21,6,1,0
BRDA:40,7,0,0
BRDA:40,7,1,0
BRDA:45,8,0,0
BRDA:45,8,1,0
BRDA:71,9,0,0
BRDA:71,9,1,0
BRF:20
BRH:0
end_of_record
TN:
SF:src/app/api/dashboard/images/reorder/route.ts
FN:6,PUT
FN:48,(anonymous_1)
FN:50,(anonymous_2)
FNF:3
FNH:0
FNDA:0,PUT
FNDA:0,(anonymous_1)
FNDA:0,(anonymous_2)
DA:1,0
DA:2,0
DA:3,0
DA:4,0
DA:6,0
DA:7,0
DA:8,0
DA:10,0
DA:11,0
DA:17,0
DA:19,0
DA:26,0
DA:36,0
DA:37,0
DA:43,0
DA:44,0
DA:48,0
DA:50,0
DA:52,0
DA:58,0
DA:59,0
DA:69,0
DA:70,0
DA:73,0
DA:74,0
DA:80,0
DA:82,0
DA:88,0
DA:89,0
LF:29
LH:0
BRDA:10,0,0,0
BRDA:10,0,1,0
BRDA:10,1,0,0
BRDA:10,1,1,0
BRDA:10,2,0,0
BRDA:10,2,1,0
BRDA:36,3,0,0
BRDA:36,3,1,0
BRDA:55,4,0,0
BRDA:55,4,1,0
BRDA:55,5,0,0
BRDA:55,5,1,0
BRDA:58,6,0,0
BRDA:58,6,1,0
BRDA:73,7,0,0
BRDA:73,7,1,0
BRF:16
BRH:0
end_of_record
TN:
SF:src/app/api/dashboard/images/set-card-image/route.ts
FN:6,POST
FNF:1
FNH:0
FNDA:0,POST
DA:1,0
DA:2,0
DA:3,0
DA:4,0
DA:6,0
DA:7,0
DA:8,0
DA:10,0
DA:12,0
DA:13,0
DA:14,0
DA:17,0
DA:19,0
DA:21,0
DA:22,0
DA:26,0
DA:33,0
DA:40,0
DA:41,0
DA:44,0
DA:45,0
DA:46,0
DA:47,0
DA:51,0
DA:52,0
DA:56,0
DA:60,0
DA:69,0
DA:74,0
DA:76,0
DA:82,0
DA:83,0
DA:84,0
LF:33
LH:0
BRDA:10,0,0,0
BRDA:10,0,1,0
BRDA:10,1,0,0
BRDA:10,1,1,0
BRDA:10,2,0,0
BRDA:10,2,1,0
BRDA:10,3,0,0
BRDA:10,3,1,0
BRDA:10,4,0,0
BRDA:10,4,1,0
BRDA:10,5,0,0
BRDA:10,5,1,0
BRDA:12,6,0,0
BRDA:12,6,1,0
BRDA:12,7,0,0
BRDA:12,7,1,0
BRDA:21,8,0,0
BRDA:21,8,1,0
BRDA:21,9,0,0
BRDA:21,9,1,0
BRDA:35,10,0,0
BRDA:35,10,1,0
BRDA:35,11,0,0
BRDA:35,11,1,0
BRDA:36,12,0,0
BRDA:36,12,1,0
BRDA:36,13,0,0
BRDA:36,13,1,0
BRDA:36,14,0,0
BRDA:36,14,1,0
BRDA:36,15,0,0
BRDA:36,15,1,0
BRDA:40,16,0,0
BRDA:40,16,1,0
BRDA:45,17,0,0
BRDA:45,17,1,0
BRDA:51,18,0,0
BRDA:51,18,1,0
BRDA:83,19,0,0
BRDA:83,19,1,0
BRDA:87,20,0,0
BRDA:87,20,1,0
BRF:42
BRH:0
end_of_record
TN:
SF:src/app/api/dashboard/tariffs/route.ts
FN:7,(anonymous_0)
FN:16,(anonymous_1)
FN:31,GET
FN:51,POST
FNF:4
FNH:0
FNDA:0,(anonymous_0)
FNDA:0,(anonymous_1)
FNDA:0,GET
FNDA:0,POST
DA:1,0
DA:2,0
DA:4,0
DA:7,0
DA:8,0
DA:9,0
DA:10,0
DA:12,0
DA:16,0
DA:17,0
DA:18,0
DA:23,0
DA:24,0
DA:27,0
DA:31,0
DA:32,0
DA:33,0
DA:35,0
DA:40,0
DA:42,0
DA:43,0
DA:51,0
DA:52,0
DA:53,0
DA:54,0
DA:57,0
DA:58,0
DA:64,0
DA:65,0
DA:71,0
DA:73,0
DA:81,0
DA:83,0
DA:84,0
LF:34
LH:0
BRDA:9,0,0,0
BRDA:9,0,1,0
BRDA:9,1,0,0
BRDA:9,1,1,0
BRDA:9,2,0,0
BRDA:9,2,1,0
BRDA:9,3,0,0
BRDA:9,3,1,0
BRDA:9,4,0,0
BRDA:9,4,1,0
BRDA:23,5,0,0
BRDA:23,5,1,0
BRDA:23,6,0,0
BRDA:23,6,1,0
BRDA:57,7,0,0
BRDA:57,7,1,0
BRDA:57,8,0,0
BRDA:57,8,1,0
BRDA:64,9,0,0
BRDA:64,9,1,0
BRDA:64,10,0,0
BRDA:64,10,1,0
BRF:22
BRH:0
end_of_record
TN:
SF:src/app/api/dashboard/tariffs/[id]/route.ts
FN:7,(anonymous_0)
FN:16,(anonymous_1)
FN:31,PUT
FN:92,DELETE
FNF:4
FNH:0
FNDA:0,(anonymous_0)
FNDA:0,(anonymous_1)
FNDA:0,PUT
FNDA:0,DELETE
DA:1,0
DA:2,0
DA:4,0
DA:7,0
DA:8,0
DA:9,0
DA:10,0
DA:12,0
DA:16,0
DA:17,0
DA:18,0
DA:23,0
DA:24,0
DA:27,0
DA:31,0
DA:35,0
DA:36,0
DA:37,0
DA:38,0
DA:41,0
DA:42,0
DA:48,0
DA:49,0
DA:55,0
DA:58,0
DA:65,0
DA:66,0
DA:72,0
DA:81,0
DA:83,0
DA:84,0
DA:92,0
DA:96,0
DA:97,0
DA:98,0
DA:101,0
DA:108,0
DA:109,0
DA:115,0
DA:119,0
DA:121,0
DA:122,0
LF:42
LH:0
BRDA:9,0,0,0
BRDA:9,0,1,0
BRDA:9,1,0,0
BRDA:9,1,1,0
BRDA:9,2,0,0
BRDA:9,2,1,0
BRDA:9,3,0,0
BRDA:9,3,1,0
BRDA:9,4,0,0
BRDA:9,4,1,0
BRDA:23,5,0,0
BRDA:23,5,1,0
BRDA:23,6,0,0
BRDA:23,6,1,0
BRDA:41,7,0,0
BRDA:41,7,1,0
BRDA:41,8,0,0
BRDA:41,8,1,0
BRDA:48,9,0,0
BRDA:48,9,1,0
BRDA:48,10,0,0
BRDA:48,10,1,0
BRDA:65,11,0,0
BRDA:65,11,1,0
BRDA:108,12,0,0
BRDA:108,12,1,0
BRF:26
BRH:0
end_of_record
TN:
SF:src/app/api/deals/route.ts
FN:6,POST
FNF:1
FNH:0
FNDA:0,POST
DA:1,0
DA:2,0
DA:3,0
DA:4,0
DA:6,0
DA:7,0
DA:8,0
DA:10,0
DA:11,0
DA:14,0
DA:38,0
DA:41,0
DA:42,0
DA:48,0
DA:59,0
DA:60,0
DA:66,0
DA:67,0
DA:73,0
DA:98,0
DA:104,0
DA:106,0
LF:22
LH:0
BRDA:10,0,0,0
BRDA:10,0,1,0
BRDA:10,1,0,0
BRDA:10,1,1,0
BRDA:10,2,0,0
BRDA:10,2,1,0
BRDA:41,3,0,0
BRDA:41,3,1,0
BRDA:41,4,0,0
BRDA:41,4,1,0
BRDA:41,4,2,0
BRDA:41,4,3,0
BRDA:41,4,4,0
BRDA:59,5,0,0
BRDA:59,5,1,0
BRDA:66,6,0,0
BRDA:66,6,1,0
BRDA:78,7,0,0
BRDA:78,7,1,0
BRDA:79,8,0,0
BRDA:79,8,1,0
BRDA:80,9,0,0
BRDA:80,9,1,0
BRDA:81,10,0,0
BRDA:81,10,1,0
BRDA:82,11,0,0
BRDA:82,11,1,0
BRDA:85,12,0,0
BRDA:85,12,1,0
BRDA:86,13,0,0
BRDA:86,13,1,0
BRDA:87,14,0,0
BRDA:87,14,1,0
BRDA:89,15,0,0
BRDA:89,15,1,0
BRDA:90,16,0,0
BRDA:90,16,1,0
BRDA:91,17,0,0
BRDA:91,17,1,0
BRDA:92,18,0,0
BRDA:92,18,1,0
BRDA:94,19,0,0
BRDA:94,19,1,0
BRF:43
BRH:0
end_of_record
TN:
SF:src/app/api/deals/[dealId]/route.ts
FN:6,PUT
FN:81,DELETE
FNF:2
FNH:0
FNDA:0,PUT
FNDA:0,DELETE
DA:1,0
DA:2,0
DA:3,0
DA:4,0
DA:6,0
DA:10,0
DA:11,0
DA:13,0
DA:14,0
DA:17,0
DA:18,0
DA:21,0
DA:33,0
DA:34,0
DA:37,0
DA:38,0
DA:42,0
DA:67,0
DA:73,0
DA:75,0
DA:81,0
DA:85,0
DA:86,0
DA:88,0
DA:89,0
DA:92,0
DA:95,0
DA:106,0
DA:107,0
DA:110,0
DA:111,0
DA:115,0
DA:119,0
DA:125,0
DA:127,0
LF:35
LH:0
BRDA:13,0,0,0
BRDA:13,0,1,0
BRDA:13,1,0,0
BRDA:13,1,1,0
BRDA:13,2,0,0
BRDA:13,2,1,0
BRDA:33,3,0,0
BRDA:33,3,1,0
BRDA:37,4,0,0
BRDA:37,4,1,0
BRDA:47,5,0,0
BRDA:47,5,1,0
BRDA:48,6,0,0
BRDA:48,6,1,0
BRDA:49,7,0,0
BRDA:49,7,1,0
BRDA:50,8,0,0
BRDA:50,8,1,0
BRDA:51,9,0,0
BRDA:51,9,1,0
BRDA:52,10,0,0
BRDA:52,10,1,0
BRDA:53,11,0,0
BRDA:53,11,1,0
BRDA:54,12,0,0
BRDA:54,12,1,0
BRDA:55,13,0,0
BRDA:55,13,1,0
BRDA:56,14,0,0
BRDA:56,14,1,0
BRDA:58,15,0,0
BRDA:58,15,1,0
BRDA:59,16,0,0
BRDA:59,16,1,0
BRDA:60,17,0,0
BRDA:60,17,1,0
BRDA:61,18,0,0
BRDA:61,18,1,0
BRDA:63,19,0,0
BRDA:63,19,1,0
BRDA:88,20,0,0
BRDA:88,20,1,0
BRDA:88,21,0,0
BRDA:88,21,1,0
BRDA:88,22,0,0
BRDA:88,22,1,0
BRDA:106,23,0,0
BRDA:106,23,1,0
BRDA:110,24,0,0
BRDA:110,24,1,0
BRF:50
BRH:0
end_of_record
TN:
SF:src/app/api/deals/active/[establishmentId]/route.ts
FN:5,GET
FN:65,(anonymous_1)
FNF:2
FNH:0
FNDA:0,GET
FNDA:0,(anonymous_1)
DA:1,0
DA:2,0
DA:3,0
DA:5,0
DA:9,0
DA:10,0
DA:11,0
DA:14,0
DA:15,0
DA:16,0
DA:23,0
DA:24,0
DA:25,0
DA:28,0
DA:30,0
DA:62,0
DA:65,0
DA:66,0
DA:69,0
DA:71,0
DA:77,0
DA:78,0
LF:22
LH:0
BRDA:14,0,0,0
BRDA:14,0,1,0
BRF:2
BRH:0
end_of_record
TN:
SF:src/app/api/deals/by-establishment/[establishmentId]/route.ts
FN:4,GET
FNF:1
FNH:0
FNDA:0,GET
DA:1,0
DA:2,0
DA:4,0
DA:8,0
DA:9,0
DA:12,0
DA:20,0
DA:21,0
DA:25,0
DA:34,0
DA:40,0
DA:42,0
LF:12
LH:0
BRDA:20,0,0,0
BRDA:20,0,1,0
BRF:2
BRH:0
end_of_record
TN:
SF:src/app/api/deals/engagement/route.ts
FN:4,POST
FN:82,GET
FN:113,(anonymous_2)
FNF:3
FNH:0
FNDA:0,POST
FNDA:0,GET
FNDA:0,(anonymous_2)
DA:1,0
DA:2,0
DA:4,0
DA:5,0
DA:6,0
DA:7,0
DA:10,0
DA:11,0
DA:18,0
DA:23,0
DA:24,0
DA:31,0
DA:36,0
DA:43,0
DA:45,0
DA:54,0
DA:65,0
DA:67,0
DA:73,0
DA:74,0
DA:82,0
DA:83,0
DA:84,0
DA:85,0
DA:86,0
DA:88,0
DA:89,0
DA:95,0
DA:96,0
DA:97,0
DA:98,0
DA:99,0
DA:103,0
DA:113,0
DA:114,0
DA:115,0
DA:116,0
DA:117,0
DA:119,0
DA:122,0
DA:123,0
DA:125,0
DA:136,0
DA:137,0
LF:44
LH:0
BRDA:10,0,0,0
BRDA:10,0,1,0
BRDA:10,1,0,0
BRDA:10,1,1,0
BRDA:10,1,2,0
BRDA:23,2,0,0
BRDA:23,2,1,0
BRDA:31,3,0,0
BRDA:31,3,1,0
BRDA:31,3,2,0
BRDA:43,4,0,0
BRDA:43,4,1,0
BRDA:88,5,0,0
BRDA:88,5,1,0
BRDA:88,6,0,0
BRDA:88,6,1,0
BRDA:96,7,0,0
BRDA:96,7,1,0
BRDA:98,8,0,0
BRDA:98,8,1,0
BRDA:114,9,0,0
BRDA:114,9,1,0
BRDA:116,10,0,0
BRDA:116,10,1,0
BRDA:123,11,0,0
BRDA:123,11,1,0
BRF:26
BRH:0
end_of_record
TN:
SF:src/app/api/deals/recurrence/process/route.ts
FN:4,POST
FN:65,generateRecurringDeals
FN:158,calculateNextWeeklyDates
FN:184,(anonymous_3)
FN:188,calculateNextMonthlyDates
FNF:5
FNH:0
FNDA:0,POST
FNDA:0,generateRecurringDeals
FNDA:0,calculateNextWeeklyDates
FNDA:0,(anonymous_3)
FNDA:0,calculateNextMonthlyDates
DA:1,0
DA:2,0
DA:4,0
DA:5,0
DA:6,0
DA:9,0
DA:24,0
DA:26,0
DA:27,0
DA:29,0
DA:30,0
DA:31,0
DA:34,0
DA:36,0
DA:37,0
DA:38,0
DA:42,0
DA:46,0
DA:48,0
DA:56,0
DA:57,0
DA:66,0
DA:67,0
DA:70,0
DA:71,0
DA:73,0
DA:75,0
DA:86,0
DA:87,0
DA:108,0
DA:111,0
DA:112,0
DA:114,0
DA:116,0
DA:127,0
DA:128,0
DA:149,0
DA:154,0
DA:159,0
DA:160,0
DA:161,0
DA:164,0
DA:165,0
DA:167,0
DA:168,0
DA:171,0
DA:172,0
DA:174,0
DA:175,0
DA:178,0
DA:179,0
DA:184,0
DA:189,0
DA:190,0
DA:191,0
DA:193,0
DA:196,0
DA:197,0
DA:198,0
DA:201,0
DA:202,0
DA:206,0
LF:62
LH:0
BRDA:36,0,0,0
BRDA:36,0,1,0
BRDA:70,1,0,0
BRDA:70,1,1,0
BRDA:70,2,0,0
BRDA:70,2,1,0
BRDA:86,3,0,0
BRDA:86,3,1,0
BRDA:111,4,0,0
BRDA:111,4,1,0
BRDA:127,5,0,0
BRDA:127,5,1,0
BRDA:161,6,0,0
BRDA:161,6,1,0
BRDA:172,7,0,0
BRDA:172,7,1,0
BRDA:178,8,0,0
BRDA:178,8,1,0
BRDA:178,9,0,0
BRDA:178,9,1,0
BRDA:191,10,0,0
BRDA:191,10,1,0
BRDA:197,11,0,0
BRDA:197,11,1,0
BRDA:201,12,0,0
BRDA:201,12,1,0
BRDA:201,13,0,0
BRDA:201,13,1,0
BRF:28
BRH:0
end_of_record
TN:
SF:src/app/api/dev/seed/route.ts
FN:4,POST
FNF:1
FNH:0
FNDA:0,POST
DA:1,0
DA:2,0
DA:4,0
DA:5,0
DA:7,0
DA:8,0
DA:9,0
DA:12,0
DA:45,0
DA:46,0
DA:53,0
DA:55,0
DA:56,0
DA:57,0
LF:14
LH:0
BRDA:8,0,0,0
BRDA:8,0,1,0
BRDA:56,1,0,0
BRDA:56,1,1,0
BRF:4
BRH:0
end_of_record
TN:
SF:src/app/api/establishments/[id]/menus/route.ts
FN:8,GET
FNF:1
FNH:0
FNDA:0,GET
DA:1,0
DA:2,0
DA:3,0
DA:4,0
DA:8,0
DA:12,0
DA:13,0
DA:15,0
DA:16,0
DA:19,0
DA:22,0
DA:34,0
DA:35,0
DA:39,0
DA:40,0
DA:46,0
DA:56,0
DA:62,0
DA:63,0
LF:19
LH:0
BRDA:15,0,0,0
BRDA:15,0,1,0
BRDA:15,1,0,0
BRDA:15,1,1,0
BRDA:15,2,0,0
BRDA:15,2,1,0
BRDA:15,3,0,0
BRDA:15,3,1,0
BRDA:15,4,0,0
BRDA:15,4,1,0
BRDA:34,5,0,0
BRDA:34,5,1,0
BRDA:39,6,0,0
BRDA:39,6,1,0
BRF:14
BRH:0
end_of_record
TN:
SF:src/app/api/establishments/[id]/menus/[menuId]/route.ts
FN:9,DELETE
FN:89,PUT
FNF:2
FNH:0
FNDA:0,DELETE
FNDA:0,PUT
DA:1,0
DA:2,0
DA:3,0
DA:4,0
DA:5,0
DA:6,0
DA:9,0
DA:13,0
DA:14,0
DA:16,0
DA:17,0
DA:20,0
DA:23,0
DA:35,0
DA:36,0
DA:40,0
DA:41,0
DA:47,0
DA:54,0
DA:55,0
DA:59,0
DA:60,0
DA:61,0
DA:63,0
DA:68,0
DA:74,0
DA:80,0
DA:81,0
DA:89,0
DA:93,0
DA:94,0
DA:96,0
DA:97,0
DA:100,0
DA:101,0
DA:102,0
DA:105,0
DA:117,0
DA:118,0
DA:122,0
DA:123,0
DA:129,0
DA:136,0
DA:137,0
DA:141,0
DA:153,0
DA:172,0
DA:173,0
LF:48
LH:0
BRDA:16,0,0,0
BRDA:16,0,1,0
BRDA:16,1,0,0
BRDA:16,1,1,0
BRDA:16,2,0,0
BRDA:16,2,1,0
BRDA:16,3,0,0
BRDA:16,3,1,0
BRDA:16,4,0,0
BRDA:16,4,1,0
BRDA:35,5,0,0
BRDA:35,5,1,0
BRDA:40,6,0,0
BRDA:40,6,1,0
BRDA:54,7,0,0
BRDA:54,7,1,0
BRDA:96,8,0,0
BRDA:96,8,1,0
BRDA:96,9,0,0
BRDA:96,9,1,0
BRDA:96,10,0,0
BRDA:96,10,1,0
BRDA:96,11,0,0
BRDA:96,11,1,0
BRDA:96,12,0,0
BRDA:96,12,1,0
BRDA:117,13,0,0
BRDA:117,13,1,0
BRDA:122,14,0,0
BRDA:122,14,1,0
BRDA:136,15,0,0
BRDA:136,15,1,0
BRDA:146,16,0,0
BRDA:146,16,1,0
BRDA:147,17,0,0
BRDA:147,17,1,0
BRDA:148,18,0,0
BRDA:148,18,1,0
BRDA:149,19,0,0
BRDA:149,19,1,0
BRF:40
BRH:0
end_of_record
TN:
SF:src/app/api/establishments/[id]/menus/upload/route.ts
FN:11,POST
FNF:1
FNH:0
FNDA:0,POST
DA:1,0
DA:2,0
DA:3,0
DA:4,0
DA:5,0
DA:6,0
DA:7,0
DA:8,0
DA:11,0
DA:15,0
DA:16,0
DA:18,0
DA:19,0
DA:22,0
DA:25,0
DA:38,0
DA:39,0
DA:43,0
DA:44,0
DA:50,0
DA:51,0
DA:56,0
DA:57,0
DA:58,0
DA:59,0
DA:61,0
DA:62,0
DA:68,0
DA:69,0
DA:74,0
DA:75,0
DA:81,0
DA:82,0
DA:83,0
DA:89,0
DA:90,0
DA:91,0
DA:95,0
DA:96,0
DA:97,0
DA:98,0
DA:99,0
DA:102,0
DA:103,0
DA:104,0
DA:107,0
DA:111,0
DA:114,0
DA:128,0
DA:147,0
DA:148,0
LF:51
LH:0
BRDA:18,0,0,0
BRDA:18,0,1,0
BRDA:18,1,0,0
BRDA:18,1,1,0
BRDA:18,2,0,0
BRDA:18,2,1,0
BRDA:18,3,0,0
BRDA:18,3,1,0
BRDA:18,4,0,0
BRDA:18,4,1,0
BRDA:38,5,0,0
BRDA:38,5,1,0
BRDA:43,6,0,0
BRDA:43,6,1,0
BRDA:50,7,0,0
BRDA:50,7,1,0
BRDA:61,8,0,0
BRDA:61,8,1,0
BRDA:61,9,0,0
BRDA:61,9,1,0
BRDA:68,10,0,0
BRDA:68,10,1,0
BRDA:74,11,0,0
BRDA:74,11,1,0
BRDA:81,12,0,0
BRDA:81,12,1,0
BRDA:81,13,0,0
BRDA:81,13,1,0
BRDA:82,14,0,0
BRDA:82,14,1,0
BRDA:90,15,0,0
BRDA:90,15,1,0
BRDA:111,16,0,0
BRDA:111,16,1,0
BRDA:117,17,0,0
BRDA:117,17,1,0
BRF:36
BRH:0
end_of_record
TN:
SF:src/app/api/establishments/[id]/stats/route.ts
FN:14,POST
FNF:1
FNH:0
FNDA:0,POST
DA:1,0
DA:2,0
DA:3,0
DA:4,0
DA:14,0
DA:18,0
DA:19,0
DA:20,0
DA:21,0
DA:23,0
DA:24,0
DA:31,0
DA:36,0
DA:37,0
DA:44,0
DA:45,0
DA:46,0
DA:47,0
DA:63,0
DA:64,0
DA:71,0
DA:75,0
DA:86,0
DA:91,0
DA:98,0
DA:99,0
LF:26
LH:0
BRDA:23,0,0,0
BRDA:23,0,1,0
BRDA:23,1,0,0
BRDA:23,1,1,0
BRDA:36,2,0,0
BRDA:36,2,1,0
BRDA:45,3,0,0
BRDA:45,3,1,0
BRDA:45,4,0,0
BRDA:45,4,1,0
BRDA:45,5,0,0
BRDA:45,5,1,0
BRDA:45,6,0,0
BRDA:45,6,1,0
BRDA:45,7,0,0
BRDA:45,7,1,0
BRDA:63,8,0,0
BRDA:63,8,1,0
BRDA:71,9,0,0
BRDA:71,9,1,0
BRF:20
BRH:0
end_of_record
TN:
SF:src/app/api/establishments/all/route.ts
FN:5,applySorting
FN:8,(anonymous_1)
FN:11,(anonymous_2)
FN:14,(anonymous_3)
FN:21,(anonymous_4)
FN:31,(anonymous_5)
FN:34,(anonymous_6)
FN:41,GET
FNF:8
FNH:0
FNDA:0,applySorting
FNDA:0,(anonymous_1)
FNDA:0,(anonymous_2)
FNDA:0,(anonymous_3)
FNDA:0,(anonymous_4)
FNDA:0,(anonymous_5)
FNDA:0,(anonymous_6)
FNDA:0,GET
DA:1,0
DA:2,0
DA:6,0
DA:8,0
DA:11,0
DA:14,0
DA:15,0
DA:16,0
DA:17,0
DA:21,0
DA:22,0
DA:23,0
DA:24,0
DA:26,0
DA:27,0
DA:31,0
DA:34,0
DA:37,0
DA:41,0
DA:42,0
DA:43,0
DA:44,0
DA:45,0
DA:46,0
DA:48,0
DA:51,0
DA:78,0
DA:81,0
DA:82,0
DA:83,0
DA:85,0
DA:86,0
DA:88,0
DA:102,0
DA:103,0
LF:35
LH:0
BRDA:6,0,0,0
BRDA:6,0,1,0
BRDA:6,0,2,0
BRDA:6,0,3,0
BRDA:6,0,4,0
BRDA:6,0,5,0
BRDA:6,0,6,0
BRDA:8,1,0,0
BRDA:8,1,1,0
BRDA:8,2,0,0
BRDA:8,2,1,0
BRDA:11,3,0,0
BRDA:11,3,1,0
BRDA:11,4,0,0
BRDA:11,4,1,0
BRDA:15,5,0,0
BRDA:15,5,1,0
BRDA:15,5,2,0
BRDA:16,6,0,0
BRDA:16,6,1,0
BRDA:16,6,2,0
BRDA:23,7,0,0
BRDA:23,7,1,0
BRDA:24,8,0,0
BRDA:24,8,1,0
BRDA:26,9,0,0
BRDA:26,9,1,0
BRDA:34,10,0,0
BRDA:34,10,1,0
BRDA:34,11,0,0
BRDA:34,11,1,0
BRDA:44,12,0,0
BRDA:44,12,1,0
BRDA:45,13,0,0
BRDA:45,13,1,0
BRDA:46,14,0,0
BRDA:46,14,1,0
BRDA:106,15,0,0
BRDA:106,15,1,0
BRF:39
BRH:0
end_of_record
TN:
SF:src/app/api/establishments/correct-type/route.ts
FN:4,POST
FNF:1
FNH:0
FNDA:0,POST
DA:1,0
DA:2,0
DA:4,0
DA:5,0
DA:6,0
DA:8,0
DA:9,0
DA:16,0
DA:22,0
DA:29,0
DA:30,0
LF:11
LH:0
BRDA:8,0,0,0
BRDA:8,0,1,0
BRDA:8,1,0,0
BRDA:8,1,1,0
BRDA:8,1,2,0
BRDA:33,2,0,0
BRDA:33,2,1,0
BRDA:33,3,0,0
BRDA:33,3,1,0
BRF:9
BRH:0
end_of_record
TN:
SF:src/app/api/establishments/enrich/route.ts
FN:6,POST
FN:85,(anonymous_1)
FNF:2
FNH:0
FNDA:0,POST
FNDA:0,(anonymous_1)
DA:1,0
DA:2,0
DA:3,0
DA:4,0
DA:6,0
DA:7,0
DA:8,0
DA:10,0
DA:11,0
DA:17,0
DA:19,0
DA:20,0
DA:27,0
DA:34,0
DA:35,0
DA:42,0
DA:85,0
DA:106,0
DA:112,0
DA:113,0
LF:20
LH:0
BRDA:10,0,0,0
BRDA:10,0,1,0
BRDA:10,1,0,0
BRDA:10,1,1,0
BRDA:10,2,0,0
BRDA:10,2,1,0
BRDA:10,3,0,0
BRDA:10,3,1,0
BRDA:10,4,0,0
BRDA:10,4,1,0
BRDA:19,5,0,0
BRDA:19,5,1,0
BRDA:19,6,0,0
BRDA:19,6,1,0
BRDA:34,7,0,0
BRDA:34,7,1,0
BRDA:46,8,0,0
BRDA:46,8,1,0
BRDA:47,9,0,0
BRDA:47,9,1,0
BRDA:48,10,0,0
BRDA:48,10,1,0
BRDA:49,11,0,0
BRDA:49,11,1,0
BRDA:59,12,0,0
BRDA:59,12,1,0
BRDA:62,13,0,0
BRDA:62,13,1,0
BRDA:63,14,0,0
BRDA:63,14,1,0
BRDA:64,15,0,0
BRDA:64,15,1,0
BRDA:67,16,0,0
BRDA:67,16,1,0
BRDA:68,17,0,0
BRDA:68,17,1,0
BRDA:69,18,0,0
BRDA:69,18,1,0
BRDA:70,19,0,0
BRDA:70,19,1,0
BRDA:76,20,0,0
BRDA:76,20,1,0
BRDA:79,21,0,0
BRDA:79,21,1,0
BRDA:83,22,0,0
BRDA:83,22,1,0
BRDA:84,23,0,0
BRDA:84,23,1,0
BRDA:88,24,0,0
BRDA:88,24,1,0
BRDA:88,25,0,0
BRDA:88,25,1,0
BRDA:92,26,0,0
BRDA:92,26,1,0
BRDA:92,27,0,0
BRDA:92,27,1,0
BRDA:96,28,0,0
BRDA:96,28,1,0
BRDA:96,29,0,0
BRDA:96,29,1,0
BRF:60
BRH:0
end_of_record
TN:
SF:src/app/api/establishments/random/route.ts
FN:8,GET
FN:81,(anonymous_1)
FNF:2
FNH:0
FNDA:0,GET
FNDA:0,(anonymous_1)
DA:1,0
DA:2,0
DA:5,0
DA:6,0
DA:8,0
DA:9,0
DA:10,0
DA:11,0
DA:12,0
DA:15,0
DA:18,0
DA:19,0
DA:20,0
DA:21,0
DA:24,0
DA:30,0
DA:35,0
DA:36,0
DA:43,0
DA:78,0
DA:81,0
DA:100,0
DA:107,0
DA:110,0
DA:111,0
DA:113,0
DA:116,0
DA:117,0
LF:28
LH:0
BRDA:11,0,0,0
BRDA:11,0,1,0
BRDA:15,1,0,0
BRDA:15,1,1,0
BRDA:19,2,0,0
BRDA:19,2,1,0
BRDA:19,3,0,0
BRDA:19,3,1,0
BRDA:35,4,0,0
BRDA:35,4,1,0
BRF:10
BRH:0
end_of_record
TN:
SF:src/app/api/establishments/save-pattern/route.ts
FN:4,POST
FNF:1
FNH:0
FNDA:0,POST
DA:1,0
DA:2,0
DA:4,0
DA:5,0
DA:6,0
DA:8,0
DA:9,0
DA:16,0
DA:24,0
DA:30,0
DA:31,0
LF:11
LH:0
BRDA:8,0,0,0
BRDA:8,0,1,0
BRDA:8,1,0,0
BRDA:8,1,1,0
BRDA:19,2,0,0
BRDA:19,2,1,0
BRDA:20,3,0,0
BRDA:20,3,1,0
BRDA:21,4,0,0
BRDA:21,4,1,0
BRDA:34,5,0,0
BRDA:34,5,1,0
BRDA:34,6,0,0
BRDA:34,6,1,0
BRF:14
BRH:0
end_of_record
TN:
SF:src/app/api/establishments/suggest-type/route.ts
FN:4,POST
FNF:1
FNH:0
FNDA:0,POST
DA:1,0
DA:2,0
DA:4,0
DA:5,0
DA:6,0
DA:8,0
DA:9,0
DA:16,0
DA:22,0
DA:28,0
DA:29,0
LF:11
LH:0
BRDA:8,0,0,0
BRDA:8,0,1,0
BRDA:18,1,0,0
BRDA:18,1,1,0
BRDA:19,2,0,0
BRDA:19,2,1,0
BRDA:32,3,0,0
BRDA:32,3,1,0
BRDA:32,4,0,0
BRDA:32,4,1,0
BRF:10
BRH:0
end_of_record
TN:
SF:src/app/api/etablissements/[slug]/route.ts
FN:73,generateSlug
FN:87,isValidCoordinates
FN:343,(anonymous_3)
FN:379,(anonymous_4)
FN:515,(anonymous_6)
FN:555,GET
FNF:6
FNH:0
FNDA:0,generateSlug
FNDA:0,isValidCoordinates
FNDA:0,(anonymous_3)
FNDA:0,(anonymous_4)
FNDA:0,(anonymous_6)
FNDA:0,GET
DA:24,0
DA:25,0
DA:26,0
DA:74,0
DA:88,0
DA:89,0
DA:127,0
DA:131,0
DA:133,0
DA:136,0
DA:139,0
DA:141,0
DA:142,0
DA:149,0
DA:152,0
DA:159,0
DA:162,0
DA:163,0
DA:164,0
DA:178,0
DA:179,0
DA:189,0
DA:190,0
DA:196,0
DA:197,0
DA:198,0
DA:206,0
DA:207,0
DA:213,0
DA:222,0
DA:229,0
DA:230,0
DA:235,0
DA:242,0
DA:243,0
DA:244,0
DA:245,0
DA:246,0
DA:250,0
DA:251,0
DA:255,0
DA:256,0
DA:268,0
DA:271,0
DA:272,0
DA:276,0
DA:277,0
DA:278,0
DA:279,0
DA:280,0
DA:281,0
DA:282,0
DA:283,0
DA:284,0
DA:285,0
DA:286,0
DA:287,0
DA:288,0
DA:289,0
DA:290,0
DA:291,0
DA:292,0
DA:293,0
DA:294,0
DA:295,0
DA:298,0
DA:299,0
DA:302,0
DA:303,0
DA:309,0
DA:310,0
DA:314,0
DA:315,0
DA:321,0
DA:322,0
DA:328,0
DA:329,0
DA:330,0
DA:331,0
DA:336,0
DA:337,0
DA:343,0
DA:344,0
DA:372,0
DA:374,0
DA:379,0
DA:386,0
DA:387,0
DA:396,0
DA:403,0
DA:422,0
DA:429,0
DA:432,0
DA:433,0
DA:442,0
DA:468,0
DA:472,0
DA:474,0
DA:477,0
DA:480,0
DA:485,0
DA:486,0
DA:493,0
DA:494,0
DA:503,0
DA:515,0
DA:516,0
DA:521,0
DA:522,0
DA:523,0
DA:524,0
DA:532,0
DA:543,0
DA:545,0
DA:555,0
DA:559,0
DA:560,0
DA:562,0
DA:589,0
DA:590,0
DA:597,0
DA:607,0
DA:613,0
DA:614,0
LF:124
LH:0
BRDA:88,0,0,0
BRDA:88,0,1,0
BRDA:88,1,0,0
BRDA:88,1,1,0
BRDA:90,2,0,0
BRDA:90,2,1,0
BRDA:90,2,2,0
BRDA:90,2,3,0
BRDA:136,3,0,0
BRDA:136,3,1,0
BRDA:139,4,0,0
BRDA:139,4,1,0
BRDA:162,5,0,0
BRDA:162,5,1,0
BRDA:163,6,0,0
BRDA:163,6,1,0
BRDA:163,7,0,0
BRDA:163,7,1,0
BRDA:163,7,2,0
BRDA:178,8,0,0
BRDA:178,8,1,0
BRDA:196,9,0,0
BRDA:196,9,1,0
BRDA:197,10,0,0
BRDA:197,10,1,0
BRDA:206,11,0,0
BRDA:206,11,1,0
BRDA:217,12,0,0
BRDA:217,12,1,0
BRDA:217,13,0,0
BRDA:217,13,1,0
BRDA:218,14,0,0
BRDA:218,14,1,0
BRDA:218,15,0,0
BRDA:218,15,1,0
BRDA:218,16,0,0
BRDA:218,16,1,0
BRDA:218,17,0,0
BRDA:218,17,1,0
BRDA:229,18,0,0
BRDA:229,18,1,0
BRDA:229,19,0,0
BRDA:229,19,1,0
BRDA:243,20,0,0
BRDA:243,20,1,0
BRDA:243,21,0,0
BRDA:243,21,1,0
BRDA:243,21,2,0
BRDA:245,22,0,0
BRDA:245,22,1,0
BRDA:250,23,0,0
BRDA:250,23,1,0
BRDA:255,24,0,0
BRDA:255,24,1,0
BRDA:271,25,0,0
BRDA:271,25,1,0
BRDA:276,26,0,0
BRDA:276,26,1,0
BRDA:277,27,0,0
BRDA:277,27,1,0
BRDA:278,28,0,0
BRDA:278,28,1,0
BRDA:279,29,0,0
BRDA:279,29,1,0
BRDA:280,30,0,0
BRDA:280,30,1,0
BRDA:281,31,0,0
BRDA:281,31,1,0
BRDA:282,32,0,0
BRDA:282,32,1,0
BRDA:283,33,0,0
BRDA:283,33,1,0
BRDA:284,34,0,0
BRDA:284,34,1,0
BRDA:285,35,0,0
BRDA:285,35,1,0
BRDA:286,36,0,0
BRDA:286,36,1,0
BRDA:287,37,0,0
BRDA:287,37,1,0
BRDA:288,38,0,0
BRDA:288,38,1,0
BRDA:289,39,0,0
BRDA:289,39,1,0
BRDA:290,40,0,0
BRDA:290,40,1,0
BRDA:291,41,0,0
BRDA:291,41,1,0
BRDA:292,42,0,0
BRDA:292,42,1,0
BRDA:293,43,0,0
BRDA:293,43,1,0
BRDA:294,44,0,0
BRDA:294,44,1,0
BRDA:295,45,0,0
BRDA:295,45,1,0
BRDA:298,46,0,0
BRDA:298,46,1,0
BRDA:299,47,0,0
BRDA:299,47,1,0
BRDA:302,48,0,0
BRDA:302,48,1,0
BRDA:303,49,0,0
BRDA:303,49,1,0
BRDA:309,50,0,0
BRDA:309,50,1,0
BRDA:310,51,0,0
BRDA:310,51,1,0
BRDA:314,52,0,0
BRDA:314,52,1,0
BRDA:315,53,0,0
BRDA:315,53,1,0
BRDA:321,54,0,0
BRDA:321,54,1,0
BRDA:322,55,0,0
BRDA:322,55,1,0
BRDA:328,56,0,0
BRDA:328,56,1,0
BRDA:330,57,0,0
BRDA:330,57,1,0
BRDA:336,58,0,0
BRDA:336,58,1,0
BRDA:337,59,0,0
BRDA:337,59,1,0
BRDA:372,60,0,0
BRDA:372,60,1,0
BRDA:372,61,0,0
BRDA:372,61,1,0
BRDA:386,62,0,0
BRDA:386,62,1,0
BRDA:398,63,0,0
BRDA:398,63,1,0
BRDA:398,64,0,0
BRDA:398,64,1,0
BRDA:399,65,0,0
BRDA:399,65,1,0
BRDA:399,66,0,0
BRDA:399,66,1,0
BRDA:400,67,0,0
BRDA:400,67,1,0
BRDA:400,68,0,0
BRDA:400,68,1,0
BRDA:405,69,0,0
BRDA:405,69,1,0
BRDA:405,70,0,0
BRDA:405,70,1,0
BRDA:408,71,0,0
BRDA:408,71,1,0
BRDA:408,72,0,0
BRDA:408,72,1,0
BRDA:411,73,0,0
BRDA:411,73,1,0
BRDA:411,74,0,0
BRDA:411,74,1,0
BRDA:414,75,0,0
BRDA:414,75,1,0
BRDA:414,76,0,0
BRDA:414,76,1,0
BRDA:417,77,0,0
BRDA:417,77,1,0
BRDA:417,78,0,0
BRDA:417,78,1,0
BRDA:432,79,0,0
BRDA:432,79,1,0
BRDA:432,80,0,0
BRDA:432,80,1,0
BRDA:445,81,0,0
BRDA:445,81,1,0
BRDA:445,82,0,0
BRDA:445,82,1,0
BRDA:485,83,0,0
BRDA:485,83,1,0
BRDA:493,84,0,0
BRDA:493,84,1,0
BRDA:548,85,0,0
BRDA:548,85,1,0
BRDA:548,86,0,0
BRDA:548,86,1,0
BRDA:589,87,0,0
BRDA:589,87,1,0
BRDA:599,88,0,0
BRDA:599,88,1,0
BRDA:602,89,0,0
BRDA:602,89,1,0
BRF:184
BRH:0
end_of_record
TN:
SF:src/app/api/etablissements/[slug]/events/route.ts
FN:6,GET
FN:72,POST
FNF:2
FNH:0
FNDA:0,GET
FNDA:0,POST
DA:1,0
DA:2,0
DA:3,0
DA:4,0
DA:6,0
DA:10,0
DA:11,0
DA:14,0
DA:19,0
DA:20,0
DA:24,0
DA:25,0
DA:62,0
DA:65,0
DA:66,0
DA:72,0
DA:76,0
DA:77,0
DA:79,0
DA:80,0
DA:84,0
DA:85,0
DA:88,0
DA:89,0
DA:90,0
DA:93,0
DA:94,0
DA:100,0
DA:110,0
DA:111,0
DA:114,0
DA:115,0
DA:119,0
DA:120,0
DA:128,0
DA:141,0
DA:157,0
DA:158,0
LF:38
LH:0
BRDA:19,0,0,0
BRDA:19,0,1,0
BRDA:79,1,0,0
BRDA:79,1,1,0
BRDA:79,2,0,0
BRDA:79,2,1,0
BRDA:79,3,0,0
BRDA:79,3,1,0
BRDA:84,4,0,0
BRDA:84,4,1,0
BRDA:84,5,0,0
BRDA:84,5,1,0
BRDA:93,6,0,0
BRDA:93,6,1,0
BRDA:93,7,0,0
BRDA:93,7,1,0
BRDA:93,7,2,0
BRDA:110,8,0,0
BRDA:110,8,1,0
BRDA:114,9,0,0
BRDA:114,9,1,0
BRDA:119,10,0,0
BRDA:119,10,1,0
BRDA:133,11,0,0
BRDA:133,11,1,0
BRDA:134,12,0,0
BRDA:134,12,1,0
BRDA:135,13,0,0
BRDA:135,13,1,0
BRF:29
BRH:0
end_of_record
TN:
SF:src/app/api/etablissements/[slug]/images/route.ts
FN:6,GET
FN:52,PUT
FNF:2
FNH:0
FNDA:0,GET
FNDA:0,PUT
DA:1,0
DA:2,0
DA:3,0
DA:4,0
DA:6,0
DA:10,0
DA:11,0
DA:14,0
DA:33,0
DA:34,0
DA:37,0
DA:47,0
DA:48,0
DA:52,0
DA:56,0
DA:57,0
DA:59,0
DA:60,0
DA:63,0
DA:64,0
DA:67,0
DA:72,0
DA:73,0
DA:76,0
DA:77,0
DA:81,0
DA:86,0
DA:89,0
DA:90,0
LF:29
LH:0
BRDA:33,0,0,0
BRDA:33,0,1,0
BRDA:59,1,0,0
BRDA:59,1,1,0
BRDA:59,2,0,0
BRDA:59,2,1,0
BRDA:59,3,0,0
BRDA:59,3,1,0
BRDA:72,4,0,0
BRDA:72,4,1,0
BRDA:76,5,0,0
BRDA:76,5,1,0
BRF:12
BRH:0
end_of_record
TN:
SF:src/app/api/etablissements/create-admin/route.ts
FN:4,POST
FN:66,(anonymous_1)
FN:74,(anonymous_2)
FN:82,(anonymous_3)
FN:90,(anonymous_4)
FN:98,(anonymous_5)
FN:133,(anonymous_6)
FNF:7
FNH:0
FNDA:0,POST
FNDA:0,(anonymous_1)
FNDA:0,(anonymous_2)
FNDA:0,(anonymous_3)
FNDA:0,(anonymous_4)
FNDA:0,(anonymous_5)
FNDA:0,(anonymous_6)
DA:1,0
DA:2,0
DA:4,0
DA:5,0
DA:6,0
DA:9,0
DA:13,0
DA:15,0
DA:16,0
DA:17,0
DA:24,0
DA:28,0
DA:29,0
DA:30,0
DA:43,0
DA:45,0
DA:48,0
DA:49,0
DA:52,0
DA:67,0
DA:68,0
DA:70,0
DA:71,0
DA:75,0
DA:76,0
DA:78,0
DA:79,0
DA:83,0
DA:84,0
DA:86,0
DA:87,0
DA:91,0
DA:92,0
DA:94,0
DA:95,0
DA:99,0
DA:100,0
DA:102,0
DA:103,0
DA:114,0
DA:125,0
DA:126,0
DA:133,0
DA:134,0
DA:147,0
DA:148,0
DA:151,0
DA:152,0
DA:153,0
DA:157,0
DA:189,0
DA:191,0
DA:201,0
DA:202,0
DA:203,0
LF:55
LH:0
BRDA:13,0,0,0
BRDA:13,0,1,0
BRDA:15,1,0,0
BRDA:15,1,1,0
BRDA:28,2,0,0
BRDA:28,2,1,0
BRDA:33,3,0,0
BRDA:33,3,1,0
BRDA:34,4,0,0
BRDA:34,4,1,0
BRDA:54,5,0,0
BRDA:54,5,1,0
BRDA:56,6,0,0
BRDA:56,6,1,0
BRDA:57,7,0,0
BRDA:57,7,1,0
BRDA:58,8,0,0
BRDA:58,8,1,0
BRDA:59,9,0,0
BRDA:59,9,1,0
BRDA:60,10,0,0
BRDA:60,10,1,0
BRDA:61,11,0,0
BRDA:61,11,1,0
BRDA:62,12,0,0
BRDA:62,12,1,0
BRDA:63,13,0,0
BRDA:63,13,1,0
BRDA:64,14,0,0
BRDA:64,14,1,0
BRDA:65,15,0,0
BRDA:65,15,1,0
BRDA:68,16,0,0
BRDA:68,16,1,0
BRDA:76,17,0,0
BRDA:76,17,1,0
BRDA:84,18,0,0
BRDA:84,18,1,0
BRDA:92,19,0,0
BRDA:92,19,1,0
BRDA:100,20,0,0
BRDA:100,20,1,0
BRDA:106,21,0,0
BRDA:106,21,1,0
BRDA:107,22,0,0
BRDA:107,22,1,0
BRDA:108,23,0,0
BRDA:108,23,1,0
BRDA:109,24,0,0
BRDA:109,24,1,0
BRDA:110,25,0,0
BRDA:110,25,1,0
BRDA:111,26,0,0
BRDA:111,26,1,0
BRDA:125,27,0,0
BRDA:125,27,1,0
BRDA:125,28,0,0
BRDA:125,28,1,0
BRDA:202,29,0,0
BRDA:202,29,1,0
BRDA:206,30,0,0
BRDA:206,30,1,0
BRF:62
BRH:0
end_of_record
TN:
SF:src/app/api/etablissements/images/route.ts
FN:6,GET
FN:85,(anonymous_1)
FN:86,(anonymous_2)
FN:127,PUT
FN:186,(anonymous_4)
FNF:5
FNH:0
FNDA:0,GET
FNDA:0,(anonymous_1)
FNDA:0,(anonymous_2)
FNDA:0,PUT
FNDA:0,(anonymous_4)
DA:1,0
DA:2,0
DA:3,0
DA:4,0
DA:6,0
DA:7,0
DA:8,0
DA:10,0
DA:11,0
DA:19,0
DA:20,0
DA:21,0
DA:25,0
DA:26,0
DA:27,0
DA:30,0
DA:33,0
DA:53,0
DA:55,0
DA:56,0
DA:59,0
DA:71,0
DA:81,0
DA:82,0
DA:85,0
DA:86,0
DA:89,0
DA:90,0
DA:93,0
DA:107,0
DA:108,0
DA:119,0
DA:120,0
DA:127,0
DA:128,0
DA:129,0
DA:132,0
DA:133,0
DA:135,0
DA:136,0
DA:145,0
DA:146,0
DA:147,0
DA:151,0
DA:161,0
DA:163,0
DA:164,0
DA:165,0
DA:170,0
DA:172,0
DA:173,0
DA:175,0
DA:177,0
DA:178,0
DA:179,0
DA:183,0
DA:186,0
DA:188,0
DA:194,0
DA:200,0
DA:209,0
DA:210,0
DA:216,0
DA:217,0
LF:64
LH:0
BRDA:12,0,0,0
BRDA:12,0,1,0
BRDA:12,1,0,0
BRDA:12,1,1,0
BRDA:12,2,0,0
BRDA:12,2,1,0
BRDA:12,3,0,0
BRDA:12,3,1,0
BRDA:13,4,0,0
BRDA:13,4,1,0
BRDA:13,5,0,0
BRDA:13,5,1,0
BRDA:13,6,0,0
BRDA:13,6,1,0
BRDA:13,7,0,0
BRDA:13,7,1,0
BRDA:14,8,0,0
BRDA:14,8,1,0
BRDA:14,9,0,0
BRDA:14,9,1,0
BRDA:14,10,0,0
BRDA:14,10,1,0
BRDA:14,11,0,0
BRDA:14,11,1,0
BRDA:15,12,0,0
BRDA:15,12,1,0
BRDA:15,13,0,0
BRDA:15,13,1,0
BRDA:15,14,0,0
BRDA:15,14,1,0
BRDA:15,15,0,0
BRDA:15,15,1,0
BRDA:16,16,0,0
BRDA:16,16,1,0
BRDA:16,17,0,0
BRDA:16,17,1,0
BRDA:16,18,0,0
BRDA:16,18,1,0
BRDA:16,19,0,0
BRDA:16,19,1,0
BRDA:19,20,0,0
BRDA:19,20,1,0
BRDA:19,21,0,0
BRDA:19,21,1,0
BRDA:19,22,0,0
BRDA:19,22,1,0
BRDA:25,23,0,0
BRDA:25,23,1,0
BRDA:25,24,0,0
BRDA:25,24,1,0
BRDA:53,25,0,0
BRDA:53,25,1,0
BRDA:53,26,0,0
BRDA:53,26,1,0
BRDA:53,27,0,0
BRDA:53,27,1,0
BRDA:53,28,0,0
BRDA:53,28,1,0
BRDA:55,29,0,0
BRDA:55,29,1,0
BRDA:86,30,0,0
BRDA:86,30,1,0
BRDA:89,31,0,0
BRDA:89,31,1,0
BRDA:122,32,0,0
BRDA:122,32,1,0
BRDA:137,33,0,0
BRDA:137,33,1,0
BRDA:137,34,0,0
BRDA:137,34,1,0
BRDA:137,35,0,0
BRDA:137,35,1,0
BRDA:137,36,0,0
BRDA:137,36,1,0
BRDA:138,37,0,0
BRDA:138,37,1,0
BRDA:138,38,0,0
BRDA:138,38,1,0
BRDA:138,39,0,0
BRDA:138,39,1,0
BRDA:138,40,0,0
BRDA:138,40,1,0
BRDA:139,41,0,0
BRDA:139,41,1,0
BRDA:139,42,0,0
BRDA:139,42,1,0
BRDA:139,43,0,0
BRDA:139,43,1,0
BRDA:139,44,0,0
BRDA:139,44,1,0
BRDA:140,45,0,0
BRDA:140,45,1,0
BRDA:140,46,0,0
BRDA:140,46,1,0
BRDA:140,47,0,0
BRDA:140,47,1,0
BRDA:140,48,0,0
BRDA:140,48,1,0
BRDA:142,49,0,0
BRDA:142,49,1,0
BRDA:142,50,0,0
BRDA:142,50,1,0
BRDA:145,51,0,0
BRDA:145,51,1,0
BRDA:145,52,0,0
BRDA:145,52,1,0
BRDA:145,53,0,0
BRDA:145,53,1,0
BRDA:161,54,0,0
BRDA:161,54,1,0
BRDA:161,55,0,0
BRDA:161,55,1,0
BRDA:161,56,0,0
BRDA:161,56,1,0
BRDA:161,57,0,0
BRDA:161,57,1,0
BRDA:161,58,0,0
BRDA:161,58,1,0
BRDA:161,59,0,0
BRDA:161,59,1,0
BRDA:163,60,0,0
BRDA:163,60,1,0
BRDA:177,61,0,0
BRDA:177,61,1,0
BRDA:219,62,0,0
BRDA:219,62,1,0
BRF:126
BRH:0
end_of_record
TN:
SF:src/app/api/events/[eventId]/engage/route.ts
FN:17,calculateGaugePercentage
FN:25,checkNewBadge
FN:44,POST
FN:134,(anonymous_3)
FN:178,(anonymous_4)
FN:229,GET
FN:283,(anonymous_6)
FNF:7
FNH:0
FNDA:0,calculateGaugePercentage
FNDA:0,checkNewBadge
FNDA:0,POST
FNDA:0,(anonymous_3)
FNDA:0,(anonymous_4)
FNDA:0,GET
FNDA:0,(anonymous_6)
DA:1,0
DA:2,0
DA:3,0
DA:4,0
DA:7,0
DA:20,0
DA:21,0
DA:29,0
DA:35,0
DA:36,0
DA:37,0
DA:40,0
DA:44,0
DA:48,0
DA:49,0
DA:51,0
DA:52,0
DA:58,0
DA:59,0
DA:62,0
DA:63,0
DA:69,0
DA:70,0
DA:73,0
DA:77,0
DA:78,0
DA:85,0
DA:90,0
DA:109,0
DA:112,0
DA:129,0
DA:130,0
DA:132,0
DA:134,0
DA:135,0
DA:137,0
DA:146,0
DA:161,0
DA:169,0
DA:176,0
DA:178,0
DA:179,0
DA:180,0
DA:183,0
DA:184,0
DA:193,0
DA:196,0
DA:197,0
DA:198,0
DA:199,0
DA:200,0
DA:201,0
DA:202,0
DA:203,0
DA:204,0
DA:207,0
DA:220,0
DA:221,0
DA:229,0
DA:233,0
DA:234,0
DA:235,0
DA:238,0
DA:242,0
DA:243,0
DA:250,0
DA:265,0
DA:273,0
DA:280,0
DA:281,0
DA:283,0
DA:284,0
DA:285,0
DA:288,0
DA:289,0
DA:297,0
DA:298,0
DA:302,0
DA:305,0
DA:306,0
DA:307,0
DA:308,0
DA:309,0
DA:310,0
DA:311,0
DA:312,0
DA:313,0
DA:316,0
DA:327,0
DA:328,0
LF:90
LH:0
BRDA:36,0,0,0
BRDA:36,0,1,0
BRDA:36,1,0,0
BRDA:36,1,1,0
BRDA:51,2,0,0
BRDA:51,2,1,0
BRDA:51,3,0,0
BRDA:51,3,1,0
BRDA:51,4,0,0
BRDA:51,4,1,0
BRDA:51,5,0,0
BRDA:51,5,1,0
BRDA:51,6,0,0
BRDA:51,6,1,0
BRDA:62,7,0,0
BRDA:62,7,1,0
BRDA:62,8,0,0
BRDA:62,8,1,0
BRDA:77,9,0,0
BRDA:77,9,1,0
BRDA:132,10,0,0
BRDA:132,10,1,0
BRDA:134,11,0,0
BRDA:134,11,1,0
BRDA:134,12,0,0
BRDA:134,12,1,0
BRDA:183,13,0,0
BRDA:183,13,1,0
BRDA:188,14,0,0
BRDA:188,14,1,0
BRDA:188,15,0,0
BRDA:188,15,1,0
BRDA:188,16,0,0
BRDA:188,16,1,0
BRDA:188,17,0,0
BRDA:188,17,1,0
BRDA:188,18,0,0
BRDA:188,18,1,0
BRDA:188,19,0,0
BRDA:188,19,1,0
BRDA:197,20,0,0
BRDA:197,20,1,0
BRDA:199,21,0,0
BRDA:199,21,1,0
BRDA:201,22,0,0
BRDA:201,22,1,0
BRDA:203,23,0,0
BRDA:203,23,1,0
BRDA:242,24,0,0
BRDA:242,24,1,0
BRDA:288,25,0,0
BRDA:288,25,1,0
BRDA:293,26,0,0
BRDA:293,26,1,0
BRDA:293,27,0,0
BRDA:293,27,1,0
BRDA:293,28,0,0
BRDA:293,28,1,0
BRDA:293,29,0,0
BRDA:293,29,1,0
BRDA:293,30,0,0
BRDA:293,30,1,0
BRDA:293,31,0,0
BRDA:293,31,1,0
BRDA:297,32,0,0
BRDA:297,32,1,0
BRDA:297,33,0,0
BRDA:297,33,1,0
BRDA:297,34,0,0
BRDA:297,34,1,0
BRDA:297,35,0,0
BRDA:297,35,1,0
BRDA:297,36,0,0
BRDA:297,36,1,0
BRDA:297,37,0,0
BRDA:297,37,1,0
BRDA:306,38,0,0
BRDA:306,38,1,0
BRDA:308,39,0,0
BRDA:308,39,1,0
BRDA:310,40,0,0
BRDA:310,40,1,0
BRDA:312,41,0,0
BRDA:312,41,1,0
BRF:84
BRH:0
end_of_record
TN:
SF:src/app/api/events/upcoming/route.ts
FN:6,GET
FN:65,(anonymous_2)
FN:73,(anonymous_3)
FN:88,(anonymous_4)
FNF:4
FNH:0
FNDA:0,GET
FNDA:0,(anonymous_2)
FNDA:0,(anonymous_3)
FNDA:0,(anonymous_4)
DA:1,0
DA:2,0
DA:4,0
DA:6,0
DA:7,0
DA:8,0
DA:9,0
DA:10,0
DA:12,0
DA:15,0
DA:65,0
DA:66,0
DA:73,0
DA:74,0
DA:77,0
DA:79,0
DA:87,0
DA:88,0
DA:91,0
DA:98,0
DA:99,0
LF:21
LH:0
BRDA:10,0,0,0
BRDA:10,0,1,0
BRDA:39,1,0,0
BRDA:39,1,1,0
BRDA:74,2,0,0
BRDA:74,2,1,0
BRF:6
BRH:0
end_of_record
TN:
SF:src/app/api/geocode/route.ts
FN:33,GET
FN:154,(anonymous_1)
FN:179,(anonymous_2)
FN:249,(anonymous_3)
FN:280,(anonymous_4)
FNF:5
FNH:0
FNDA:0,GET
FNDA:0,(anonymous_1)
FNDA:0,(anonymous_2)
FNDA:0,(anonymous_3)
FNDA:0,(anonymous_4)
DA:1,0
DA:30,0
DA:31,0
DA:33,0
DA:34,0
DA:35,0
DA:36,0
DA:39,0
DA:40,0
DA:50,0
DA:53,0
DA:54,0
DA:55,0
DA:56,0
DA:57,0
DA:65,0
DA:68,0
DA:70,0
DA:76,0
DA:77,0
DA:80,0
DA:86,0
DA:87,0
DA:101,0
DA:108,0
DA:128,0
DA:131,0
DA:133,0
DA:135,0
DA:136,0
DA:137,0
DA:138,0
DA:140,0
DA:141,0
DA:142,0
DA:145,0
DA:146,0
DA:147,0
DA:150,0
DA:153,0
DA:154,0
DA:158,0
DA:166,0
DA:168,0
DA:169,0
DA:170,0
DA:173,0
DA:174,0
DA:177,0
DA:178,0
DA:179,0
DA:181,0
DA:183,0
DA:184,0
DA:192,0
DA:193,0
DA:194,0
DA:196,0
DA:197,0
DA:198,0
DA:209,0
DA:211,0
DA:219,0
DA:224,0
DA:227,0
DA:229,0
DA:232,0
DA:234,0
DA:236,0
DA:237,0
DA:249,0
DA:262,0
DA:263,0
DA:273,0
DA:277,0
DA:278,0
DA:280,0
DA:290,0
DA:292,0
DA:293,0
DA:305,0
DA:306,0
DA:309,0
DA:310,0
DA:320,0
DA:321,0
DA:331,0
DA:332,0
DA:343,0
DA:354,0
DA:355,0
DA:356,0
DA:358,0
DA:364,0
DA:367,0
DA:374,0
DA:377,0
DA:380,0
DA:386,0
LF:99
LH:0
BRDA:39,0,0,0
BRDA:39,0,1,0
BRDA:39,1,0,0
BRDA:39,1,1,0
BRDA:55,2,0,0
BRDA:55,2,1,0
BRDA:55,3,0,0
BRDA:55,3,1,0
BRDA:68,4,0,0
BRDA:68,4,1,0
BRDA:76,5,0,0
BRDA:76,5,1,0
BRDA:76,6,0,0
BRDA:76,6,1,0
BRDA:86,7,0,0
BRDA:86,7,1,0
BRDA:93,8,0,0
BRDA:93,8,1,0
BRDA:93,9,0,0
BRDA:93,9,1,0
BRDA:93,10,0,0
BRDA:93,10,1,0
BRDA:133,11,0,0
BRDA:133,11,1,0
BRDA:133,12,0,0
BRDA:133,12,1,0
BRDA:138,13,0,0
BRDA:138,13,1,0
BRDA:153,14,0,0
BRDA:153,14,1,0
BRDA:168,15,0,0
BRDA:168,15,1,0
BRDA:173,16,0,0
BRDA:173,16,1,0
BRDA:177,17,0,0
BRDA:177,17,1,0
BRDA:192,18,0,0
BRDA:192,18,1,0
BRDA:196,19,0,0
BRDA:196,19,1,0
BRDA:196,20,0,0
BRDA:196,20,1,0
BRDA:234,21,0,0
BRDA:234,21,1,0
BRDA:236,22,0,0
BRDA:236,22,1,0
BRDA:236,23,0,0
BRDA:236,23,1,0
BRDA:252,24,0,0
BRDA:252,24,1,0
BRDA:257,25,0,0
BRDA:257,25,1,0
BRDA:262,26,0,0
BRDA:262,26,1,0
BRDA:262,27,0,0
BRDA:262,27,1,0
BRDA:277,28,0,0
BRDA:277,28,1,0
BRDA:284,29,0,0
BRDA:284,29,1,0
BRDA:292,30,0,0
BRDA:292,30,1,0
BRDA:292,31,0,0
BRDA:292,31,1,0
BRDA:309,32,0,0
BRDA:309,32,1,0
BRDA:309,33,0,0
BRDA:309,33,1,0
BRDA:320,34,0,0
BRDA:320,34,1,0
BRDA:320,35,0,0
BRDA:320,35,1,0
BRDA:331,36,0,0
BRDA:331,36,1,0
BRDA:331,37,0,0
BRDA:331,37,1,0
BRDA:345,38,0,0
BRDA:345,38,1,0
BRDA:346,39,0,0
BRDA:346,39,1,0
BRDA:347,40,0,0
BRDA:347,40,1,0
BRDA:347,41,0,0
BRDA:347,41,1,0
BRDA:347,42,0,0
BRDA:347,42,1,0
BRDA:348,43,0,0
BRDA:348,43,1,0
BRDA:348,43,2,0
BRDA:348,44,0,0
BRDA:348,44,1,0
BRDA:348,45,0,0
BRDA:348,45,1,0
BRDA:348,46,0,0
BRDA:348,46,1,0
BRDA:348,47,0,0
BRDA:348,47,1,0
BRDA:348,48,0,0
BRDA:348,48,1,0
BRDA:348,49,0,0
BRDA:348,49,1,0
BRDA:349,50,0,0
BRDA:349,50,1,0
BRDA:349,51,0,0
BRDA:349,51,1,0
BRDA:350,52,0,0
BRDA:350,52,1,0
BRDA:350,53,0,0
BRDA:350,53,1,0
BRDA:351,54,0,0
BRDA:351,54,1,0
BRDA:351,55,0,0
BRDA:351,55,1,0
BRDA:356,56,0,0
BRDA:356,56,1,0
BRDA:356,57,0,0
BRDA:356,57,1,0
BRDA:356,58,0,0
BRDA:356,58,1,0
BRF:119
BRH:0
end_of_record
TN:
SF:src/app/api/google-places-proxy/route.ts
FN:3,POST
FNF:1
FNH:0
FNDA:0,POST
DA:1,0
DA:3,0
DA:4,0
DA:5,0
DA:7,0
DA:8,0
DA:15,0
DA:16,0
DA:26,0
DA:28,0
DA:30,0
DA:33,0
DA:34,0
DA:38,0
DA:42,0
DA:46,0
DA:48,0
DA:49,0
DA:52,0
DA:55,0
DA:56,0
DA:63,0
DA:64,0
DA:65,0
DA:67,0
DA:68,0
DA:69,0
DA:71,0
DA:72,0
DA:76,0
DA:78,0
DA:79,0
DA:81,0
DA:82,0
DA:83,0
DA:84,0
DA:85,0
DA:87,0
DA:89,0
DA:90,0
DA:91,0
DA:92,0
DA:93,0
DA:94,0
DA:95,0
DA:97,0
DA:100,0
DA:103,0
DA:106,0
DA:110,0
DA:111,0
DA:127,0
DA:128,0
DA:130,0
DA:132,0
DA:134,0
DA:135,0
DA:136,0
DA:138,0
DA:140,0
DA:141,0
DA:142,0
DA:145,0
DA:149,0
DA:152,0
DA:153,0
LF:66
LH:0
BRDA:7,0,0,0
BRDA:7,0,1,0
BRDA:7,1,0,0
BRDA:7,1,1,0
BRDA:15,2,0,0
BRDA:15,2,1,0
BRDA:15,3,0,0
BRDA:15,3,1,0
BRDA:26,4,0,0
BRDA:26,4,1,0
BRDA:30,5,0,0
BRDA:30,5,1,0
BRDA:48,6,0,0
BRDA:48,6,1,0
BRDA:55,7,0,0
BRDA:55,7,1,0
BRDA:55,8,0,0
BRDA:55,8,1,0
BRDA:63,9,0,0
BRDA:63,9,1,0
BRDA:65,10,0,0
BRDA:65,10,1,0
BRDA:65,11,0,0
BRDA:65,11,1,0
BRDA:65,12,0,0
BRDA:65,12,1,0
BRDA:67,13,0,0
BRDA:67,13,1,0
BRDA:67,14,0,0
BRDA:67,14,1,0
BRDA:71,15,0,0
BRDA:71,15,1,0
BRDA:76,16,0,0
BRDA:76,16,1,0
BRDA:89,17,0,0
BRDA:89,17,1,0
BRDA:91,18,0,0
BRDA:91,18,1,0
BRDA:91,19,0,0
BRDA:91,19,1,0
BRDA:92,20,0,0
BRDA:92,20,1,0
BRDA:92,21,0,0
BRDA:92,21,1,0
BRDA:93,22,0,0
BRDA:93,22,1,0
BRDA:93,23,0,0
BRDA:93,23,1,0
BRDA:93,24,0,0
BRDA:93,24,1,0
BRDA:93,25,0,0
BRDA:93,25,1,0
BRDA:93,26,0,0
BRDA:93,26,1,0
BRDA:94,27,0,0
BRDA:94,27,1,0
BRDA:94,28,0,0
BRDA:94,28,1,0
BRDA:94,29,0,0
BRDA:94,29,1,0
BRDA:94,30,0,0
BRDA:94,30,1,0
BRDA:94,31,0,0
BRDA:94,31,1,0
BRDA:94,32,0,0
BRDA:94,32,1,0
BRDA:94,33,0,0
BRDA:94,33,1,0
BRDA:94,34,0,0
BRDA:94,34,1,0
BRDA:94,35,0,0
BRDA:94,35,1,0
BRDA:120,36,0,0
BRDA:120,36,1,0
BRDA:127,37,0,0
BRDA:127,37,1,0
BRDA:127,38,0,0
BRDA:127,38,1,0
BRDA:127,38,2,0
BRDA:130,39,0,0
BRDA:130,39,1,0
BRDA:140,40,0,0
BRDA:140,40,1,0
BRF:83
BRH:0
end_of_record
TN:
SF:src/app/api/monitoring/health/route.ts
FN:4,GET
FNF:1
FNH:0
FNDA:0,GET
DA:1,0
DA:2,0
DA:4,0
DA:5,0
DA:7,0
DA:8,0
DA:10,0
DA:12,0
DA:13,0
DA:15,0
DA:16,0
DA:20,0
DA:21,0
DA:23,0
DA:29,0
DA:30,0
DA:32,0
DA:36,0
DA:38,0
DA:58,0
DA:61,0
DA:62,0
LF:22
LH:0
BRDA:15,0,0,0
BRDA:15,0,1,0
BRDA:32,1,0,0
BRDA:32,1,1,0
BRDA:43,2,0,0
BRDA:43,2,1,0
BRDA:44,3,0,0
BRDA:44,3,1,0
BRDA:45,4,0,0
BRDA:45,4,1,0
BRDA:48,5,0,0
BRDA:48,5,1,0
BRDA:52,6,0,0
BRDA:52,6,1,0
BRF:14
BRH:0
end_of_record
TN:
SF:src/app/api/monitoring/liveness/route.ts
FN:8,GET
FNF:1
FNH:0
FNDA:0,GET
DA:1,0
DA:2,0
DA:3,0
DA:5,0
DA:6,0
DA:8,0
DA:9,0
DA:10,0
DA:12,0
DA:18,0
DA:26,0
LF:11
LH:0
BRDA:13,0,0,0
BRDA:13,0,1,0
BRDA:19,1,0,0
BRDA:19,1,1,0
BRF:4
BRH:0
end_of_record
TN:
SF:src/app/api/monitoring/metrics/route.ts
FN:4,GET
FNF:1
FNH:0
FNDA:0,GET
DA:1,0
DA:2,0
DA:4,0
DA:5,0
DA:7,0
DA:10,0
DA:17,0
DA:18,0
DA:21,0
DA:24,0
DA:25,0
DA:26,0
DA:29,0
DA:30,0
DA:32,0
DA:54,0
DA:57,0
DA:58,0
LF:18
LH:0
BRDA:10,0,0,0
BRDA:10,0,1,0
BRDA:24,1,0,0
BRDA:24,1,1,0
BRDA:24,2,0,0
BRDA:24,2,1,0
BRDA:24,3,0,0
BRDA:24,3,1,0
BRDA:24,4,0,0
BRDA:24,4,1,0
BRDA:24,5,0,0
BRDA:24,5,1,0
BRDA:51,6,0,0
BRDA:51,6,1,0
BRF:14
BRH:0
end_of_record
TN:
SF:src/app/api/monitoring/readiness/route.ts
FN:8,GET
FNF:1
FNH:0
FNDA:0,GET
DA:1,0
DA:2,0
DA:3,0
DA:5,0
DA:6,0
DA:8,0
DA:9,0
DA:10,0
DA:12,0
DA:18,0
DA:26,0
LF:11
LH:0
BRDA:13,0,0,0
BRDA:13,0,1,0
BRDA:19,1,0,0
BRDA:19,1,1,0
BRF:4
BRH:0
end_of_record
TN:
SF:src/app/api/professional-registration/route.ts
FN:8,POST
FN:29,(anonymous_2)
FN:58,(anonymous_3)
FN:126,(anonymous_4)
FN:152,(anonymous_5)
FN:168,(anonymous_6)
FN:180,(anonymous_7)
FN:192,(anonymous_8)
FN:204,(anonymous_9)
FN:216,(anonymous_10)
FN:230,(anonymous_11)
FN:271,(anonymous_12)
FN:284,(anonymous_13)
FN:291,(anonymous_14)
FN:317,(anonymous_15)
FN:416,(anonymous_16)
FN:427,(anonymous_17)
FNF:17
FNH:0
FNDA:0,POST
FNDA:0,(anonymous_2)
FNDA:0,(anonymous_3)
FNDA:0,(anonymous_4)
FNDA:0,(anonymous_5)
FNDA:0,(anonymous_6)
FNDA:0,(anonymous_7)
FNDA:0,(anonymous_8)
FNDA:0,(anonymous_9)
FNDA:0,(anonymous_10)
FNDA:0,(anonymous_11)
FNDA:0,(anonymous_12)
FNDA:0,(anonymous_13)
FNDA:0,(anonymous_14)
FNDA:0,(anonymous_15)
FNDA:0,(anonymous_16)
FNDA:0,(anonymous_17)
DA:1,0
DA:2,0
DA:3,0
DA:4,0
DA:5,0
DA:6,0
DA:8,0
DA:9,0
DA:10,0
DA:13,0
DA:21,0
DA:29,0
DA:30,0
DA:31,0
DA:32,0
DA:35,0
DA:38,0
DA:39,0
DA:40,0
DA:41,0
DA:48,0
DA:49,0
DA:50,0
DA:51,0
DA:58,0
DA:59,0
DA:61,0
DA:62,0
DA:63,0
DA:64,0
DA:65,0
DA:74,0
DA:75,0
DA:76,0
DA:77,0
DA:84,0
DA:85,0
DA:87,0
DA:88,0
DA:89,0
DA:90,0
DA:91,0
DA:92,0
DA:100,0
DA:101,0
DA:104,0
DA:105,0
DA:106,0
DA:113,0
DA:114,0
DA:117,0
DA:127,0
DA:128,0
DA:129,0
DA:130,0
DA:131,0
DA:132,0
DA:134,0
DA:135,0
DA:138,0
DA:153,0
DA:154,0
DA:155,0
DA:156,0
DA:158,0
DA:161,0
DA:169,0
DA:170,0
DA:171,0
DA:172,0
DA:174,0
DA:175,0
DA:178,0
DA:181,0
DA:182,0
DA:183,0
DA:184,0
DA:186,0
DA:187,0
DA:190,0
DA:193,0
DA:194,0
DA:195,0
DA:196,0
DA:198,0
DA:199,0
DA:202,0
DA:205,0
DA:206,0
DA:207,0
DA:208,0
DA:210,0
DA:211,0
DA:214,0
DA:217,0
DA:218,0
DA:219,0
DA:220,0
DA:222,0
DA:223,0
DA:226,0
DA:230,0
DA:231,0
DA:244,0
DA:245,0
DA:247,0
DA:248,0
DA:249,0
DA:251,0
DA:254,0
DA:255,0
DA:256,0
DA:258,0
DA:259,0
DA:260,0
DA:262,0
DA:267,0
DA:268,0
DA:271,0
DA:272,0
DA:273,0
DA:274,0
DA:275,0
DA:277,0
DA:278,0
DA:279,0
DA:282,0
DA:283,0
DA:284,0
DA:287,0
DA:289,0
DA:290,0
DA:291,0
DA:296,0
DA:297,0
DA:300,0
DA:301,0
DA:303,0
DA:304,0
DA:306,0
DA:307,0
DA:310,0
DA:311,0
DA:317,0
DA:319,0
DA:320,0
DA:321,0
DA:324,0
DA:340,0
DA:379,0
DA:380,0
DA:381,0
DA:383,0
DA:386,0
DA:387,0
DA:388,0
DA:389,0
DA:393,0
DA:394,0
DA:395,0
DA:404,0
DA:405,0
DA:406,0
DA:415,0
DA:416,0
DA:417,0
DA:418,0
DA:419,0
DA:424,0
DA:425,0
DA:426,0
DA:427,0
DA:429,0
DA:432,0
DA:434,0
DA:437,0
DA:441,0
DA:451,0
DA:470,0
DA:471,0
DA:474,0
DA:475,0
DA:478,0
DA:480,0
DA:481,0
DA:485,0
DA:486,0
DA:491,0
DA:497,0
LF:189
LH:0
BRDA:25,0,0,0
BRDA:25,0,1,0
BRDA:30,1,0,0
BRDA:30,1,1,0
BRDA:39,2,0,0
BRDA:39,2,1,0
BRDA:49,3,0,0
BRDA:49,3,1,0
BRDA:59,4,0,0
BRDA:59,4,1,0
BRDA:63,5,0,0
BRDA:63,5,1,0
BRDA:63,6,0,0
BRDA:63,6,1,0
BRDA:75,7,0,0
BRDA:75,7,1,0
BRDA:85,8,0,0
BRDA:85,8,1,0
BRDA:88,9,0,0
BRDA:88,9,1,0
BRDA:90,10,0,0
BRDA:90,10,1,0
BRDA:113,11,0,0
BRDA:113,11,1,0
BRDA:113,12,0,0
BRDA:113,12,1,0
BRDA:119,13,0,0
BRDA:119,13,1,0
BRDA:123,14,0,0
BRDA:123,14,1,0
BRDA:124,15,0,0
BRDA:124,15,1,0
BRDA:125,16,0,0
BRDA:125,16,1,0
BRDA:130,17,0,0
BRDA:130,17,1,0
BRDA:130,18,0,0
BRDA:130,18,1,0
BRDA:140,19,0,0
BRDA:140,19,1,0
BRDA:141,20,0,0
BRDA:141,20,1,0
BRDA:142,21,0,0
BRDA:142,21,1,0
BRDA:143,22,0,0
BRDA:143,22,1,0
BRDA:144,23,0,0
BRDA:144,23,1,0
BRDA:145,24,0,0
BRDA:145,24,1,0
BRDA:146,25,0,0
BRDA:146,25,1,0
BRDA:147,26,0,0
BRDA:147,26,1,0
BRDA:148,27,0,0
BRDA:148,27,1,0
BRDA:149,28,0,0
BRDA:149,28,1,0
BRDA:150,29,0,0
BRDA:150,29,1,0
BRDA:151,30,0,0
BRDA:151,30,1,0
BRDA:154,31,0,0
BRDA:154,31,1,0
BRDA:154,32,0,0
BRDA:154,32,1,0
BRDA:163,33,0,0
BRDA:163,33,1,0
BRDA:164,34,0,0
BRDA:164,34,1,0
BRDA:165,35,0,0
BRDA:165,35,1,0
BRDA:166,36,0,0
BRDA:166,36,1,0
BRDA:170,37,0,0
BRDA:170,37,1,0
BRDA:170,38,0,0
BRDA:170,38,1,0
BRDA:182,39,0,0
BRDA:182,39,1,0
BRDA:182,40,0,0
BRDA:182,40,1,0
BRDA:194,41,0,0
BRDA:194,41,1,0
BRDA:194,42,0,0
BRDA:194,42,1,0
BRDA:206,43,0,0
BRDA:206,43,1,0
BRDA:206,44,0,0
BRDA:206,44,1,0
BRDA:218,45,0,0
BRDA:218,45,1,0
BRDA:218,46,0,0
BRDA:218,46,1,0
BRDA:254,47,0,0
BRDA:254,47,1,0
BRDA:254,48,0,0
BRDA:254,48,1,0
BRDA:258,49,0,0
BRDA:258,49,1,0
BRDA:258,50,0,0
BRDA:258,50,1,0
BRDA:267,51,0,0
BRDA:267,51,1,0
BRDA:271,52,0,0
BRDA:277,53,0,0
BRDA:277,53,1,0
BRDA:282,54,0,0
BRDA:282,54,1,0
BRDA:289,55,0,0
BRDA:289,55,1,0
BRDA:303,56,0,0
BRDA:303,56,1,0
BRDA:334,57,0,0
BRDA:334,57,1,0
BRDA:348,58,0,0
BRDA:348,58,1,0
BRDA:348,59,0,0
BRDA:348,59,1,0
BRDA:348,60,0,0
BRDA:348,60,1,0
BRDA:349,61,0,0
BRDA:349,61,1,0
BRDA:349,62,0,0
BRDA:349,62,1,0
BRDA:349,63,0,0
BRDA:349,63,1,0
BRDA:374,64,0,0
BRDA:374,64,1,0
BRDA:418,65,0,0
BRDA:418,65,1,0
BRDA:418,66,0,0
BRDA:418,66,1,0
BRDA:425,67,0,0
BRDA:425,67,1,0
BRDA:471,68,0,0
BRDA:471,68,1,0
BRDA:474,69,0,0
BRDA:474,69,1,0
BRDA:478,70,0,0
BRDA:478,70,1,0
BRDA:480,71,0,0
BRDA:480,71,1,0
BRDA:485,72,0,0
BRDA:485,72,1,0
BRDA:499,73,0,0
BRDA:499,73,1,0
BRF:147
BRH:0
end_of_record
TN:
SF:src/app/api/professional/dashboard/route.ts
FN:4,GET
FN:83,(anonymous_1)
FNF:2
FNH:0
FNDA:0,GET
FNDA:0,(anonymous_1)
DA:1,0
DA:2,0
DA:4,0
DA:5,0
DA:8,0
DA:11,0
DA:25,0
DA:26,0
DA:29,0
DA:30,0
DA:31,0
DA:35,0
DA:59,0
DA:83,0
DA:99,0
DA:100,0
LF:16
LH:0
BRDA:25,0,0,0
BRDA:25,0,1,0
BRDA:30,1,0,0
BRDA:30,1,1,0
BRDA:88,2,0,0
BRDA:88,2,1,0
BRDA:88,3,0,0
BRDA:88,3,1,0
BRDA:92,4,0,0
BRDA:92,4,1,0
BRF:10
BRH:0
end_of_record
TN:
SF:src/app/api/professional/establishment/route.ts
FN:8,GET
FNF:1
FNH:0
FNDA:0,GET
DA:1,0
DA:2,0
DA:3,0
DA:4,0
DA:6,0
DA:8,0
DA:9,0
DA:10,0
DA:12,0
DA:13,0
DA:20,0
DA:33,0
DA:34,0
DA:40,0
DA:42,0
DA:43,0
LF:16
LH:0
BRDA:12,0,0,0
BRDA:12,0,1,0
BRDA:12,1,0,0
BRDA:12,1,1,0
BRDA:12,2,0,0
BRDA:12,2,1,0
BRDA:12,3,0,0
BRDA:12,3,1,0
BRDA:12,4,0,0
BRDA:12,4,1,0
BRDA:33,5,0,0
BRDA:33,5,1,0
BRF:12
BRH:0
end_of_record
TN:
SF:src/app/api/professional/events/route.ts
FN:4,POST
FN:60,PUT
FN:100,DELETE
FNF:3
FNH:0
FNDA:0,POST
FNDA:0,PUT
FNDA:0,DELETE
DA:1,0
DA:2,0
DA:4,0
DA:5,0
DA:6,0
DA:7,0
DA:10,0
DA:13,0
DA:18,0
DA:19,0
DA:22,0
DA:25,0
DA:38,0
DA:52,0
DA:53,0
DA:60,0
DA:61,0
DA:62,0
DA:63,0
DA:65,0
DA:78,0
DA:92,0
DA:93,0
DA:100,0
DA:101,0
DA:102,0
DA:103,0
DA:105,0
DA:106,0
DA:109,0
DA:113,0
DA:116,0
DA:117,0
LF:33
LH:0
BRDA:18,0,0,0
BRDA:18,0,1,0
BRDA:18,1,0,0
BRDA:18,1,1,0
BRDA:28,2,0,0
BRDA:28,2,1,0
BRDA:30,3,0,0
BRDA:30,3,1,0
BRDA:31,4,0,0
BRDA:31,4,1,0
BRDA:32,5,0,0
BRDA:32,5,1,0
BRDA:43,6,0,0
BRDA:43,6,1,0
BRDA:43,7,0,0
BRDA:43,7,1,0
BRDA:47,8,0,0
BRDA:47,8,1,0
BRDA:69,9,0,0
BRDA:69,9,1,0
BRDA:71,10,0,0
BRDA:71,10,1,0
BRDA:72,11,0,0
BRDA:72,11,1,0
BRDA:73,12,0,0
BRDA:73,12,1,0
BRDA:83,13,0,0
BRDA:83,13,1,0
BRDA:83,14,0,0
BRDA:83,14,1,0
BRDA:87,15,0,0
BRDA:87,15,1,0
BRDA:105,16,0,0
BRDA:105,16,1,0
BRF:34
BRH:0
end_of_record
TN:
SF:src/app/api/professional/pricing/route.ts
FN:4,GET
FN:30,(anonymous_1)
FN:46,PUT
FN:72,(anonymous_3)
FNF:4
FNH:0
FNDA:0,GET
FNDA:0,(anonymous_1)
FNDA:0,PUT
FNDA:0,(anonymous_3)
DA:1,0
DA:2,0
DA:4,0
DA:5,0
DA:7,0
DA:10,0
DA:21,0
DA:22,0
DA:25,0
DA:28,0
DA:29,0
DA:30,0
DA:31,0
DA:35,0
DA:38,0
DA:39,0
DA:46,0
DA:47,0
DA:48,0
DA:49,0
DA:52,0
DA:55,0
DA:60,0
DA:61,0
DA:64,0
DA:67,0
DA:72,0
DA:80,0
DA:81,0
DA:87,0
DA:95,0
DA:102,0
DA:103,0
LF:33
LH:0
BRDA:21,0,0,0
BRDA:21,0,1,0
BRDA:21,1,0,0
BRDA:21,1,1,0
BRDA:29,2,0,0
BRDA:29,2,1,0
BRDA:60,3,0,0
BRDA:60,3,1,0
BRDA:60,4,0,0
BRDA:60,4,1,0
BRDA:80,5,0,0
BRDA:80,5,1,0
BRF:12
BRH:0
end_of_record
TN:
SF:src/app/api/professional/profile/route.ts
FN:4,PUT
FNF:1
FNH:0
FNDA:0,PUT
DA:1,0
DA:2,0
DA:4,0
DA:5,0
DA:6,0
DA:7,0
DA:10,0
DA:13,0
DA:18,0
DA:19,0
DA:22,0
DA:25,0
DA:42,0
DA:59,0
DA:60,0
LF:15
LH:0
BRDA:18,0,0,0
BRDA:18,0,1,0
BRDA:18,1,0,0
BRDA:18,1,1,0
BRDA:29,2,0,0
BRDA:29,2,1,0
BRDA:32,3,0,0
BRDA:32,3,1,0
BRDA:33,4,0,0
BRDA:33,4,1,0
BRDA:34,5,0,0
BRDA:34,5,1,0
BRDA:35,6,0,0
BRDA:35,6,1,0
BRDA:36,7,0,0
BRDA:36,7,1,0
BRF:16
BRH:0
end_of_record
TN:
SF:src/app/api/professional/request-update/route.ts
FN:7,POST
FNF:1
FNH:0
FNDA:0,POST
DA:1,0
DA:2,0
DA:3,0
DA:4,0
DA:5,0
DA:7,0
DA:8,0
DA:9,0
DA:11,0
DA:12,0
DA:16,0
DA:17,0
DA:20,0
DA:21,0
DA:24,0
DA:25,0
DA:31,0
DA:32,0
DA:34,0
DA:35,0
DA:40,0
DA:41,0
DA:47,0
DA:60,0
DA:61,0
DA:67,0
DA:70,0
DA:71,0
DA:77,0
DA:78,0
DA:79,0
DA:80,0
DA:86,0
DA:89,0
DA:90,0
DA:96,0
DA:97,0
DA:98,0
DA:104,0
DA:107,0
DA:108,0
DA:114,0
DA:115,0
DA:116,0
DA:117,0
DA:118,0
DA:125,0
DA:126,0
DA:131,0
DA:139,0
DA:141,0
DA:149,0
DA:150,0
DA:156,0
DA:157,0
DA:158,0
DA:161,0
DA:162,0
DA:163,0
DA:167,0
DA:180,0
DA:191,0
DA:196,0
DA:197,0
LF:64
LH:0
BRDA:11,0,0,0
BRDA:11,0,1,0
BRDA:11,1,0,0
BRDA:11,1,1,0
BRDA:11,2,0,0
BRDA:11,2,1,0
BRDA:16,3,0,0
BRDA:16,3,1,0
BRDA:16,4,0,0
BRDA:16,4,1,0
BRDA:24,5,0,0
BRDA:24,5,1,0
BRDA:34,6,0,0
BRDA:34,6,1,0
BRDA:34,7,0,0
BRDA:34,7,1,0
BRDA:34,7,2,0
BRDA:40,8,0,0
BRDA:40,8,1,0
BRDA:40,9,0,0
BRDA:40,9,1,0
BRDA:40,9,2,0
BRDA:60,10,0,0
BRDA:60,10,1,0
BRDA:70,11,0,0
BRDA:70,11,1,0
BRDA:77,12,0,0
BRDA:77,12,1,0
BRDA:79,13,0,0
BRDA:79,13,1,0
BRDA:89,14,0,0
BRDA:89,14,1,0
BRDA:96,15,0,0
BRDA:96,15,1,0
BRDA:97,16,0,0
BRDA:97,16,1,0
BRDA:107,17,0,0
BRDA:107,17,1,0
BRDA:114,18,0,0
BRDA:114,18,1,0
BRDA:117,19,0,0
BRDA:117,19,1,0
BRDA:125,20,0,0
BRDA:125,20,1,0
BRDA:139,21,0,0
BRDA:139,21,1,0
BRDA:149,22,0,0
BRDA:149,22,1,0
BRDA:157,23,0,0
BRDA:157,23,1,0
BRDA:182,24,0,0
BRDA:182,24,1,0
BRF:52
BRH:0
end_of_record
TN:
SF:src/app/api/professional/send-verification-sms/route.ts
FN:7,POST
FNF:1
FNH:0
FNDA:0,POST
DA:1,0
DA:2,0
DA:3,0
DA:4,0
DA:5,0
DA:7,0
DA:8,0
DA:9,0
DA:11,0
DA:12,0
DA:16,0
DA:17,0
DA:20,0
DA:21,0
DA:24,0
DA:25,0
DA:26,0
DA:32,0
DA:42,0
DA:43,0
DA:49,0
DA:52,0
DA:56,0
DA:57,0
DA:74,0
DA:76,0
DA:85,0
DA:86,0
LF:28
LH:0
BRDA:11,0,0,0
BRDA:11,0,1,0
BRDA:11,1,0,0
BRDA:11,1,1,0
BRDA:11,2,0,0
BRDA:11,2,1,0
BRDA:16,3,0,0
BRDA:16,3,1,0
BRDA:16,4,0,0
BRDA:16,4,1,0
BRDA:25,5,0,0
BRDA:25,5,1,0
BRDA:25,6,0,0
BRDA:25,6,1,0
BRDA:42,7,0,0
BRDA:42,7,1,0
BRDA:80,8,0,0
BRDA:80,8,1,0
BRF:18
BRH:0
end_of_record
TN:
SF:src/app/api/professional/update-requests/route.ts
FN:6,GET
FNF:1
FNH:0
FNDA:0,GET
DA:1,0
DA:2,0
DA:3,0
DA:4,0
DA:6,0
DA:7,0
DA:8,0
DA:10,0
DA:11,0
DA:15,0
DA:16,0
DA:20,0
DA:32,0
DA:38,0
DA:39,0
LF:15
LH:0
BRDA:10,0,0,0
BRDA:10,0,1,0
BRDA:10,1,0,0
BRDA:10,1,1,0
BRDA:10,2,0,0
BRDA:10,2,1,0
BRDA:15,3,0,0
BRDA:15,3,1,0
BRDA:15,4,0,0
BRDA:15,4,1,0
BRF:10
BRH:0
end_of_record
TN:
SF:src/app/api/professional/verify-email/route.ts
FN:4,GET
FNF:1
FNH:0
FNDA:0,GET
DA:1,0
DA:2,0
DA:4,0
DA:5,0
DA:6,0
DA:7,0
DA:9,0
DA:10,0
DA:14,0
DA:32,0
DA:33,0
DA:37,0
DA:38,0
DA:42,0
DA:48,0
DA:51,0
DA:52,0
LF:17
LH:0
BRDA:9,0,0,0
BRDA:9,0,1,0
BRDA:32,1,0,0
BRDA:32,1,1,0
BRDA:37,2,0,0
BRDA:37,2,1,0
BRF:6
BRH:0
end_of_record
TN:
SF:src/app/api/professional/verify-sms-code/route.ts
FN:8,POST
FN:72,storeSmsCode
FNF:2
FNH:0
FNDA:0,POST
FNDA:0,storeSmsCode
DA:1,0
DA:2,0
DA:3,0
DA:6,0
DA:8,0
DA:9,0
DA:10,0
DA:12,0
DA:13,0
DA:17,0
DA:18,0
DA:21,0
DA:22,0
DA:24,0
DA:25,0
DA:31,0
DA:33,0
DA:34,0
DA:40,0
DA:41,0
DA:42,0
DA:48,0
DA:49,0
DA:55,0
DA:57,0
DA:64,0
DA:65,0
DA:72,0
DA:73,0
LF:29
LH:0
BRDA:12,0,0,0
BRDA:12,0,1,0
BRDA:12,1,0,0
BRDA:12,1,1,0
BRDA:12,2,0,0
BRDA:12,2,1,0
BRDA:17,3,0,0
BRDA:17,3,1,0
BRDA:17,4,0,0
BRDA:17,4,1,0
BRDA:24,5,0,0
BRDA:24,5,1,0
BRDA:24,6,0,0
BRDA:24,6,1,0
BRDA:33,7,0,0
BRDA:33,7,1,0
BRDA:40,8,0,0
BRDA:40,8,1,0
BRDA:48,9,0,0
BRDA:48,9,1,0
BRF:20
BRH:0
end_of_record
TN:
SF:src/app/api/public/establishments/[slug]/comments/route.ts
FN:4,GET
FNF:1
FNH:0
FNDA:0,GET
DA:1,0
DA:2,0
DA:4,0
DA:8,0
DA:9,0
DA:12,0
DA:17,0
DA:18,0
DA:22,0
DA:41,0
DA:44,0
DA:45,0
LF:12
LH:0
BRDA:17,0,0,0
BRDA:17,0,1,0
BRF:2
BRH:0
end_of_record
TN:
SF:src/app/api/public/establishments/[slug]/menus/route.ts
FN:6,GET
FN:46,(anonymous_1)
FNF:2
FNH:0
FNDA:0,GET
FNDA:0,(anonymous_1)
DA:1,0
DA:2,0
DA:6,0
DA:10,0
DA:11,0
DA:14,0
DA:32,0
DA:33,0
DA:37,0
DA:38,0
DA:46,0
DA:56,0
DA:62,0
DA:63,0
LF:14
LH:0
BRDA:32,0,0,0
BRDA:32,0,1,0
BRDA:37,1,0,0
BRDA:37,1,1,0
BRF:4
BRH:0
end_of_record
TN:
SF:src/app/api/recherche/envie/route.ts
FN:5,calculateDistance
FN:18,extractKeywords
FN:26,(anonymous_2)
FN:31,(anonymous_3)
FN:35,isOpenNow
FN:71,GET
FN:140,(anonymous_6)
FN:152,(anonymous_7)
FN:163,(anonymous_8)
FN:168,(anonymous_9)
FN:195,(anonymous_10)
FN:196,(anonymous_11)
FN:200,(anonymous_12)
FN:208,(anonymous_13)
FN:214,(anonymous_14)
FN:215,(anonymous_15)
FN:258,(anonymous_16)
FN:259,(anonymous_17)
FN:271,(anonymous_18)
FN:289,(anonymous_19)
FNF:20
FNH:0
FNDA:0,calculateDistance
FNDA:0,extractKeywords
FNDA:0,(anonymous_2)
FNDA:0,(anonymous_3)
FNDA:0,isOpenNow
FNDA:0,GET
FNDA:0,(anonymous_6)
FNDA:0,(anonymous_7)
FNDA:0,(anonymous_8)
FNDA:0,(anonymous_9)
FNDA:0,(anonymous_10)
FNDA:0,(anonymous_11)
FNDA:0,(anonymous_12)
FNDA:0,(anonymous_13)
FNDA:0,(anonymous_14)
FNDA:0,(anonymous_15)
FNDA:0,(anonymous_16)
FNDA:0,(anonymous_17)
FNDA:0,(anonymous_18)
FNDA:0,(anonymous_19)
DA:1,0
DA:2,0
DA:6,0
DA:7,0
DA:8,0
DA:10,0
DA:13,0
DA:14,0
DA:19,0
DA:21,0
DA:27,0
DA:29,0
DA:31,0
DA:36,0
DA:38,0
DA:39,0
DA:40,0
DA:41,0
DA:42,0
DA:44,0
DA:46,0
DA:49,0
DA:50,0
DA:51,0
DA:52,0
DA:53,0
DA:56,0
DA:57,0
DA:60,0
DA:61,0
DA:65,0
DA:67,0
DA:71,0
DA:72,0
DA:73,0
DA:74,0
DA:75,0
DA:76,0
DA:77,0
DA:78,0
DA:80,0
DA:82,0
DA:83,0
DA:87,0
DA:88,0
DA:89,0
DA:90,0
DA:91,0
DA:93,0
DA:94,0
DA:95,0
DA:96,0
DA:98,0
DA:101,0
DA:106,0
DA:107,0
DA:108,0
DA:109,0
DA:113,0
DA:114,0
DA:116,0
DA:117,0
DA:121,0
DA:137,0
DA:140,0
DA:141,0
DA:142,0
DA:143,0
DA:146,0
DA:149,0
DA:152,0
DA:153,0
DA:154,0
DA:155,0
DA:158,0
DA:159,0
DA:163,0
DA:164,0
DA:168,0
DA:169,0
DA:171,0
DA:172,0
DA:175,0
DA:177,0
DA:178,0
DA:179,0
DA:180,0
DA:186,0
DA:190,0
DA:195,0
DA:196,0
DA:197,0
DA:198,0
DA:200,0
DA:201,0
DA:202,0
DA:207,0
DA:208,0
DA:209,0
DA:210,0
DA:214,0
DA:215,0
DA:216,0
DA:217,0
DA:224,0
DA:226,0
DA:227,0
DA:228,0
DA:229,0
DA:233,0
DA:234,0
DA:235,0
DA:236,0
DA:237,0
DA:238,0
DA:241,0
DA:242,0
DA:245,0
DA:257,0
DA:258,0
DA:261,0
DA:262,0
DA:265,0
DA:269,0
DA:270,0
DA:271,0
DA:272,0
DA:275,0
DA:289,0
DA:295,0
DA:296,0
DA:297,0
LF:132
LH:0
BRDA:29,0,0,0
BRDA:29,0,1,0
BRDA:29,0,2,0
BRDA:29,0,3,0
BRDA:36,1,0,0
BRDA:36,1,1,0
BRDA:44,2,0,0
BRDA:44,2,1,0
BRDA:44,3,0,0
BRDA:44,3,1,0
BRDA:56,4,0,0
BRDA:56,4,1,0
BRDA:60,5,0,0
BRDA:60,5,1,0
BRDA:60,6,0,0
BRDA:60,6,1,0
BRDA:76,7,0,0
BRDA:76,7,1,0
BRDA:77,8,0,0
BRDA:77,8,1,0
BRDA:78,9,0,0
BRDA:78,9,1,0
BRDA:82,10,0,0
BRDA:82,10,1,0
BRDA:87,11,0,0
BRDA:87,11,1,0
BRDA:87,12,0,0
BRDA:87,12,1,0
BRDA:87,12,2,0
BRDA:87,12,3,0
BRDA:93,13,0,0
BRDA:93,13,1,0
BRDA:93,14,0,0
BRDA:93,14,1,0
BRDA:106,15,0,0
BRDA:106,15,1,0
BRDA:106,16,0,0
BRDA:106,16,1,0
BRDA:116,17,0,0
BRDA:116,17,1,0
BRDA:141,18,0,0
BRDA:141,18,1,0
BRDA:141,19,0,0
BRDA:141,19,1,0
BRDA:141,19,2,0
BRDA:141,19,3,0
BRDA:158,20,0,0
BRDA:158,20,1,0
BRDA:158,21,0,0
BRDA:158,21,1,0
BRDA:158,21,2,0
BRDA:158,21,3,0
BRDA:169,22,0,0
BRDA:169,22,1,0
BRDA:169,23,0,0
BRDA:169,23,1,0
BRDA:172,24,0,0
BRDA:172,24,1,0
BRDA:172,25,0,0
BRDA:172,25,1,0
BRDA:172,25,2,0
BRDA:190,26,0,0
BRDA:190,26,1,0
BRDA:196,27,0,0
BRDA:196,27,1,0
BRDA:200,28,0,0
BRDA:200,28,1,0
BRDA:207,29,0,0
BRDA:207,29,1,0
BRDA:207,30,0,0
BRDA:207,30,1,0
BRDA:209,31,0,0
BRDA:209,31,1,0
BRDA:215,32,0,0
BRDA:215,32,1,0
BRDA:227,33,0,0
BRDA:227,33,1,0
BRDA:227,34,0,0
BRDA:227,34,1,0
BRDA:235,35,0,0
BRDA:235,35,1,0
BRDA:235,36,0,0
BRDA:235,36,1,0
BRDA:235,36,2,0
BRDA:235,36,3,0
BRDA:235,36,4,0
BRDA:241,37,0,0
BRDA:241,37,1,0
BRDA:252,38,0,0
BRDA:252,38,1,0
BRDA:252,39,0,0
BRDA:252,39,1,0
BRDA:252,40,0,0
BRDA:252,40,1,0
BRDA:261,41,0,0
BRDA:261,41,1,0
BRDA:284,42,0,0
BRDA:284,42,1,0
BRDA:284,43,0,0
BRDA:284,43,1,0
BRDA:285,44,0,0
BRDA:285,44,1,0
BRDA:285,45,0,0
BRDA:285,45,1,0
BRDA:289,46,0,0
BRDA:289,46,1,0
BRDA:296,47,0,0
BRDA:296,47,1,0
BRDA:300,48,0,0
BRDA:300,48,1,0
BRF:110
BRH:0
end_of_record
TN:
SF:src/app/api/recherche/filtered/route.ts
FN:5,calculateDistance
FN:33,extractKeywords
FN:48,(anonymous_2)
FN:54,(anonymous_3)
FN:87,isOpenNow
FN:122,applySorting
FN:125,(anonymous_6)
FN:130,(anonymous_7)
FN:133,(anonymous_8)
FN:140,(anonymous_9)
FN:151,(anonymous_10)
FN:154,(anonymous_11)
FN:158,(anonymous_12)
FN:162,GET
FN:249,(anonymous_14)
FN:258,(anonymous_15)
FN:273,(anonymous_16)
FN:280,(anonymous_17)
FN:291,(anonymous_18)
FN:328,(anonymous_19)
FN:346,(anonymous_20)
FN:352,(anonymous_21)
FN:360,(anonymous_22)
FN:408,(anonymous_23)
FN:416,(anonymous_24)
FNF:25
FNH:0
FNDA:0,calculateDistance
FNDA:0,extractKeywords
FNDA:0,(anonymous_2)
FNDA:0,(anonymous_3)
FNDA:0,isOpenNow
FNDA:0,applySorting
FNDA:0,(anonymous_6)
FNDA:0,(anonymous_7)
FNDA:0,(anonymous_8)
FNDA:0,(anonymous_9)
FNDA:0,(anonymous_10)
FNDA:0,(anonymous_11)
FNDA:0,(anonymous_12)
FNDA:0,GET
FNDA:0,(anonymous_14)
FNDA:0,(anonymous_15)
FNDA:0,(anonymous_16)
FNDA:0,(anonymous_17)
FNDA:0,(anonymous_18)
FNDA:0,(anonymous_19)
FNDA:0,(anonymous_20)
FNDA:0,(anonymous_21)
FNDA:0,(anonymous_22)
FNDA:0,(anonymous_23)
FNDA:0,(anonymous_24)
DA:1,0
DA:2,0
DA:6,0
DA:7,0
DA:8,0
DA:10,0
DA:13,0
DA:14,0
DA:18,0
DA:34,0
DA:37,0
DA:40,0
DA:42,0
DA:48,0
DA:50,0
DA:51,0
DA:52,0
DA:54,0
DA:55,0
DA:56,0
DA:58,0
DA:61,0
DA:62,0
DA:63,0
DA:64,0
DA:67,0
DA:68,0
DA:69,0
DA:70,0
DA:73,0
DA:74,0
DA:75,0
DA:79,0
DA:88,0
DA:90,0
DA:91,0
DA:92,0
DA:93,0
DA:94,0
DA:96,0
DA:98,0
DA:100,0
DA:101,0
DA:102,0
DA:103,0
DA:104,0
DA:106,0
DA:107,0
DA:110,0
DA:111,0
DA:115,0
DA:117,0
DA:124,0
DA:125,0
DA:128,0
DA:130,0
DA:133,0
DA:134,0
DA:135,0
DA:136,0
DA:140,0
DA:142,0
DA:143,0
DA:144,0
DA:146,0
DA:147,0
DA:151,0
DA:154,0
DA:158,0
DA:162,0
DA:163,0
DA:164,0
DA:165,0
DA:166,0
DA:167,0
DA:168,0
DA:169,0
DA:170,0
DA:171,0
DA:172,0
DA:174,0
DA:176,0
DA:177,0
DA:181,0
DA:182,0
DA:183,0
DA:184,0
DA:186,0
DA:187,0
DA:188,0
DA:191,0
DA:195,0
DA:196,0
DA:197,0
DA:200,0
DA:201,0
DA:203,0
DA:204,0
DA:205,0
DA:207,0
DA:208,0
DA:212,0
DA:219,0
DA:220,0
DA:224,0
DA:246,0
DA:249,0
DA:250,0
DA:251,0
DA:252,0
DA:254,0
DA:258,0
DA:259,0
DA:260,0
DA:261,0
DA:263,0
DA:264,0
DA:267,0
DA:268,0
DA:271,0
DA:273,0
DA:274,0
DA:280,0
DA:281,0
DA:282,0
DA:283,0
DA:284,0
DA:285,0
DA:286,0
DA:291,0
DA:293,0
DA:295,0
DA:296,0
DA:299,0
DA:300,0
DA:303,0
DA:307,0
DA:308,0
DA:309,0
DA:310,0
DA:311,0
DA:312,0
DA:318,0
DA:322,0
DA:328,0
DA:329,0
DA:330,0
DA:332,0
DA:333,0
DA:334,0
DA:335,0
DA:337,0
DA:338,0
DA:339,0
DA:340,0
DA:345,0
DA:346,0
DA:347,0
DA:348,0
DA:352,0
DA:354,0
DA:355,0
DA:356,0
DA:359,0
DA:360,0
DA:362,0
DA:363,0
DA:364,0
DA:365,0
DA:366,0
DA:367,0
DA:368,0
DA:375,0
DA:376,0
DA:377,0
DA:378,0
DA:381,0
DA:382,0
DA:383,0
DA:384,0
DA:385,0
DA:386,0
DA:389,0
DA:390,0
DA:392,0
DA:404,0
DA:405,0
DA:407,0
DA:408,0
DA:410,0
DA:413,0
DA:414,0
DA:415,0
DA:416,0
DA:417,0
DA:418,0
DA:440,0
DA:443,0
DA:444,0
DA:445,0
DA:447,0
DA:448,0
DA:450,0
DA:471,0
DA:472,0
LF:205
LH:0
BRDA:56,0,0,0
BRDA:56,0,1,0
BRDA:61,1,0,0
BRDA:61,1,1,0
BRDA:67,2,0,0
BRDA:67,2,1,0
BRDA:73,3,0,0
BRDA:73,3,1,0
BRDA:88,4,0,0
BRDA:88,4,1,0
BRDA:96,5,0,0
BRDA:96,5,1,0
BRDA:96,6,0,0
BRDA:96,6,1,0
BRDA:106,7,0,0
BRDA:106,7,1,0
BRDA:110,8,0,0
BRDA:110,8,1,0
BRDA:110,9,0,0
BRDA:110,9,1,0
BRDA:124,10,0,0
BRDA:124,10,1,0
BRDA:124,11,0,0
BRDA:124,11,1,0
BRDA:125,12,0,0
BRDA:125,12,1,0
BRDA:125,13,0,0
BRDA:125,13,1,0
BRDA:128,14,0,0
BRDA:128,14,1,0
BRDA:128,14,2,0
BRDA:128,14,3,0
BRDA:128,14,4,0
BRDA:128,14,5,0
BRDA:130,15,0,0
BRDA:130,15,1,0
BRDA:130,16,0,0
BRDA:130,16,1,0
BRDA:134,17,0,0
BRDA:134,17,1,0
BRDA:134,17,2,0
BRDA:135,18,0,0
BRDA:135,18,1,0
BRDA:135,18,2,0
BRDA:143,19,0,0
BRDA:143,19,1,0
BRDA:144,20,0,0
BRDA:144,20,1,0
BRDA:146,21,0,0
BRDA:146,21,1,0
BRDA:147,22,0,0
BRDA:147,22,1,0
BRDA:147,23,0,0
BRDA:147,23,1,0
BRDA:154,24,0,0
BRDA:154,24,1,0
BRDA:154,25,0,0
BRDA:154,25,1,0
BRDA:158,26,0,0
BRDA:158,26,1,0
BRDA:158,27,0,0
BRDA:158,27,1,0
BRDA:167,28,0,0
BRDA:167,28,1,0
BRDA:168,29,0,0
BRDA:168,29,1,0
BRDA:169,30,0,0
BRDA:169,30,1,0
BRDA:170,31,0,0
BRDA:170,31,1,0
BRDA:171,32,0,0
BRDA:171,32,1,0
BRDA:172,33,0,0
BRDA:172,33,1,0
BRDA:176,34,0,0
BRDA:176,34,1,0
BRDA:181,35,0,0
BRDA:181,35,1,0
BRDA:181,36,0,0
BRDA:181,36,1,0
BRDA:181,36,2,0
BRDA:181,36,3,0
BRDA:186,37,0,0
BRDA:186,37,1,0
BRDA:186,38,0,0
BRDA:186,38,1,0
BRDA:195,39,0,0
BRDA:195,39,1,0
BRDA:195,40,0,0
BRDA:195,40,1,0
BRDA:207,41,0,0
BRDA:207,41,1,0
BRDA:219,42,0,0
BRDA:219,42,1,0
BRDA:250,43,0,0
BRDA:250,43,1,0
BRDA:250,44,0,0
BRDA:250,44,1,0
BRDA:250,44,2,0
BRDA:250,44,3,0
BRDA:263,45,0,0
BRDA:263,45,1,0
BRDA:263,46,0,0
BRDA:263,46,1,0
BRDA:263,46,2,0
BRDA:263,46,3,0
BRDA:281,47,0,0
BRDA:281,47,1,0
BRDA:281,48,0,0
BRDA:281,48,1,0
BRDA:295,49,0,0
BRDA:295,49,1,0
BRDA:295,50,0,0
BRDA:295,50,1,0
BRDA:295,50,2,0
BRDA:295,50,3,0
BRDA:295,50,4,0
BRDA:300,51,0,0
BRDA:300,51,1,0
BRDA:300,52,0,0
BRDA:300,52,1,0
BRDA:300,52,2,0
BRDA:307,53,0,0
BRDA:307,53,1,0
BRDA:322,54,0,0
BRDA:322,54,1,0
BRDA:332,55,0,0
BRDA:332,55,1,0
BRDA:333,56,0,0
BRDA:333,56,1,0
BRDA:333,57,0,0
BRDA:333,57,1,0
BRDA:337,58,0,0
BRDA:337,58,1,0
BRDA:338,59,0,0
BRDA:338,59,1,0
BRDA:338,60,0,0
BRDA:338,60,1,0
BRDA:345,61,0,0
BRDA:345,61,1,0
BRDA:345,62,0,0
BRDA:345,62,1,0
BRDA:347,63,0,0
BRDA:347,63,1,0
BRDA:359,64,0,0
BRDA:359,64,1,0
BRDA:362,65,0,0
BRDA:362,65,1,0
BRDA:362,66,0,0
BRDA:362,66,1,0
BRDA:362,66,2,0
BRDA:362,66,3,0
BRDA:365,67,0,0
BRDA:365,67,1,0
BRDA:365,68,0,0
BRDA:365,68,1,0
BRDA:367,69,0,0
BRDA:367,69,1,0
BRDA:376,70,0,0
BRDA:376,70,1,0
BRDA:376,71,0,0
BRDA:376,71,1,0
BRDA:383,72,0,0
BRDA:383,72,1,0
BRDA:383,73,0,0
BRDA:383,73,1,0
BRDA:383,73,2,0
BRDA:383,73,3,0
BRDA:383,73,4,0
BRDA:390,74,0,0
BRDA:390,74,1,0
BRDA:399,75,0,0
BRDA:399,75,1,0
BRDA:399,76,0,0
BRDA:399,76,1,0
BRDA:399,77,0,0
BRDA:399,77,1,0
BRDA:404,78,0,0
BRDA:404,78,1,0
BRDA:413,79,0,0
BRDA:413,79,1,0
BRDA:434,80,0,0
BRDA:434,80,1,0
BRDA:434,81,0,0
BRDA:434,81,1,0
BRDA:466,82,0,0
BRDA:466,82,1,0
BRDA:466,83,0,0
BRDA:466,83,1,0
BRDA:475,84,0,0
BRDA:475,84,1,0
BRF:191
BRH:0
end_of_record
TN:
SF:src/app/api/resolve-google-url/route.ts
FN:3,POST
FN:91,extractPlaceIdFromUrl
FNF:2
FNH:0
FNDA:0,POST
FNDA:0,extractPlaceIdFromUrl
DA:1,0
DA:3,0
DA:4,0
DA:5,0
DA:7,0
DA:8,0
DA:15,0
DA:16,0
DA:18,0
DA:24,0
DA:27,0
DA:28,0
DA:29,0
DA:31,0
DA:35,0
DA:36,0
DA:38,0
DA:39,0
DA:47,0
DA:51,0
DA:52,0
[...]
DA:107,0
DA:110,0
DA:111,0
DA:114,0
DA:118,0
DA:120,0
DA:122,0
DA:124,0
DA:125,0
DA:127,0
DA:128,0
DA:130,0
DA:131,0
DA:133,0
DA:134,0
DA:139,0
DA:141,0
DA:142,0
DA:143,0
DA:145,0
DA:146,0
DA:149,0
DA:150,0
DA:152,0
DA:155,0
DA:156,0
DA:159,0
DA:161,0
DA:166,0
DA:168,0
DA:169,0
DA:178,0
DA:179,0
DA:182,0
DA:187,0
DA:188,0
DA:189,0
DA:191,0
DA:193,0
DA:194,0
DA:195,0
DA:197,0
DA:200,0
DA:203,0
DA:208,0
DA:209,0
DA:210,0
DA:212,0
DA:213,0
DA:214,0
DA:215,0
DA:222,0
DA:223,0
DA:224,0
DA:231,0
DA:232,0
DA:236,0
DA:237,0
DA:239,0
DA:240,0
DA:241,0
DA:243,0
DA:248,0
DA:253,0
DA:255,0
DA:258,0
DA:267,0
DA:271,0
DA:275,0
DA:279,0
DA:284,0
DA:285,0
DA:287,0
DA:297,0
DA:301,0
DA:305,0
DA:310,0
DA:314,0
DA:318,0
DA:323,0
DA:327,0
DA:332,0
DA:338,0
DA:339,0
DA:341,0
DA:343,0
DA:345,0
DA:347,0
DA:351,0
DA:352,0
LF:107
LH:0
BRDA:45,0,0,0
BRDA:75,1,0,0
BRDA:75,1,1,0
BRDA:80,2,0,0
BRDA:80,2,1,0
BRDA:80,3,0,0
BRDA:80,3,1,0
BRDA:81,4,0,0
BRDA:81,4,1,0
BRDA:81,5,0,0
BRDA:81,5,1,0
BRDA:82,6,0,0
BRDA:82,6,1,0
BRDA:82,7,0,0
BRDA:82,7,1,0
BRDA:83,8,0,0
BRDA:83,8,1,0
BRDA:83,9,0,0
BRDA:83,9,1,0
BRDA:95,10,0,0
BRDA:95,10,1,0
BRDA:95,11,0,0
BRDA:95,11,1,0
BRDA:99,12,0,0
BRDA:99,12,1,0
BRDA:101,13,0,0
BRDA:101,13,1,0
BRDA:106,14,0,0
BRDA:106,14,1,0
BRDA:110,15,0,0
BRDA:110,15,1,0
BRDA:118,16,0,0
BRDA:118,16,1,0
BRDA:122,17,0,0
BRDA:122,17,1,0
BRDA:122,17,2,0
BRDA:122,17,3,0
BRDA:139,18,0,0
BRDA:139,18,1,0
BRDA:166,19,0,0
BRDA:166,19,1,0
BRDA:166,20,0,0
BRDA:166,20,1,0
BRDA:173,21,0,0
BRDA:173,21,1,0
BRDA:178,22,0,0
BRDA:178,22,1,0
BRDA:193,23,0,0
BRDA:193,23,1,0
BRDA:236,24,0,0
BRDA:236,24,1,0
BRDA:253,25,0,0
BRDA:253,25,1,0
BRDA:284,26,0,0
BRDA:284,26,1,0
BRDA:284,27,0,0
BRDA:284,27,1,0
BRF:57
BRH:0
end_of_record
TN:
SF:src/lib/monitoring/metrics-collector.ts
FN:38,(anonymous_0)
FN:43,(anonymous_1)
FN:66,(anonymous_2)
FN:75,(anonymous_3)
FN:89,(anonymous_4)
FN:104,(anonymous_5)
FN:114,(anonymous_6)
FN:131,(anonymous_7)
FN:147,(anonymous_8)
FN:163,(anonymous_9)
FN:180,(anonymous_10)
FN:202,(anonymous_11)
FN:214,(anonymous_12)
FN:221,(anonymous_13)
FN:225,(anonymous_14)
FN:229,(anonymous_15)
FN:233,(anonymous_16)
FN:238,(anonymous_17)
FN:257,(anonymous_18)
FN:260,(anonymous_19)
FN:265,(anonymous_20)
FN:270,(anonymous_21)
FN:271,(anonymous_22)
FN:276,(anonymous_23)
FN:291,(anonymous_24)
FN:294,(anonymous_25)
FN:300,(anonymous_26)
FN:305,(anonymous_27)
FN:321,(anonymous_28)
FN:324,(anonymous_29)
FN:325,(anonymous_30)
FN:328,(anonymous_31)
FN:329,(anonymous_32)
FN:333,(anonymous_33)
FN:345,recordAPIMetric
FN:359,recordBusinessMetric
FN:363,recordPerformanceMetric
FNF:37
FNH:0
FNDA:0,(anonymous_0)
FNDA:0,(anonymous_1)
FNDA:0,(anonymous_2)
FNDA:0,(anonymous_3)
FNDA:0,(anonymous_4)
FNDA:0,(anonymous_5)
FNDA:0,(anonymous_6)
FNDA:0,(anonymous_7)
FNDA:0,(anonymous_8)
FNDA:0,(anonymous_9)
FNDA:0,(anonymous_10)
FNDA:0,(anonymous_11)
FNDA:0,(anonymous_12)
FNDA:0,(anonymous_13)
FNDA:0,(anonymous_14)
FNDA:0,(anonymous_15)
FNDA:0,(anonymous_16)
FNDA:0,(anonymous_17)
FNDA:0,(anonymous_18)
FNDA:0,(anonymous_19)
FNDA:0,(anonymous_20)
FNDA:0,(anonymous_21)
FNDA:0,(anonymous_22)
FNDA:0,(anonymous_23)
FNDA:0,(anonymous_24)
FNDA:0,(anonymous_25)
FNDA:0,(anonymous_26)
FNDA:0,(anonymous_27)
FNDA:0,(anonymous_28)
FNDA:0,(anonymous_29)
FNDA:0,(anonymous_30)
FNDA:0,(anonymous_31)
FNDA:0,(anonymous_32)
FNDA:0,(anonymous_33)
FNDA:0,recordAPIMetric
FNDA:0,recordBusinessMetric
FNDA:0,recordPerformanceMetric
DA:32,0
DA:33,0
DA:34,0
DA:35,0
DA:36,0
DA:39,0
DA:40,0
DA:45,0
DA:46,0
DA:47,0
DA:50,0
DA:51,0
DA:52,0
DA:55,0
DA:56,0
DA:57,0
DA:58,0
DA:59,0
DA:62,0
DA:63,0
DA:67,0
DA:77,0
DA:78,0
DA:79,0
DA:83,0
DA:85,0
DA:89,0
DA:90,0
DA:91,0
DA:92,0
DA:95,0
DA:99,0
DA:104,0
DA:105,0
DA:106,0
DA:107,0
DA:109,0
DA:117,0
DA:118,0
DA:121,0
DA:122,0
DA:123,0
DA:125,0
DA:126,0
DA:132,0
DA:133,0
DA:134,0
DA:135,0
DA:138,0
DA:144,0
DA:148,0
DA:149,0
DA:150,0
DA:151,0
DA:154,0
DA:160,0
DA:164,0
DA:165,0
DA:166,0
DA:167,0
DA:170,0
DA:176,0
DA:181,0
DA:184,0
DA:190,0
DA:196,0
DA:197,0
DA:203,0
DA:204,0
DA:205,0
DA:206,0
DA:209,0
DA:210,0
DA:215,0
DA:216,0
DA:222,0
DA:226,0
DA:230,0
DA:234,0
DA:245,0
DA:247,0
DA:248,0
DA:257,0
DA:258,0
DA:260,0
DA:261,0
DA:264,0
DA:265,0
DA:266,0
DA:269,0
DA:270,0
DA:271,0
DA:275,0
DA:276,0
DA:277,0
DA:278,0
DA:281,0
DA:292,0
DA:294,0
DA:296,0
DA:297,0
DA:300,0
DA:301,0
DA:303,0
DA:304,0
DA:305,0
DA:307,0
DA:310,0
DA:311,0
DA:314,0
DA:317,0
DA:322,0
DA:324,0
DA:325,0
DA:328,0
DA:329,0
DA:334,0
DA:335,0
DA:336,0
DA:337,0
DA:342,0
DA:345,0
DA:349,0
DA:359,0
DA:360,0
DA:363,0
DA:364,0
LF:127
LH:0
BRDA:77,0,0,0
BRDA:77,0,1,0
BRDA:77,1,0,0
BRDA:77,1,1,0
BRDA:83,2,0,0
BRDA:83,2,1,0
BRDA:117,3,0,0
BRDA:117,3,1,0
BRDA:117,4,0,0
BRDA:117,4,1,0
BRDA:131,5,0,0
BRDA:133,6,0,0
BRDA:133,6,1,0
BRDA:133,7,0,0
BRDA:133,7,1,0
BRDA:149,8,0,0
BRDA:149,8,1,0
BRDA:149,9,0,0
BRDA:149,9,1,0
BRDA:165,10,0,0
BRDA:165,10,1,0
BRDA:165,11,0,0
BRDA:165,11,1,0
BRDA:196,12,0,0
BRDA:196,12,1,0
BRDA:209,13,0,0
BRDA:209,13,1,0
BRDA:215,14,0,0
BRDA:215,14,1,0
BRDA:247,15,0,0
BRDA:247,15,1,0
BRDA:266,16,0,0
BRDA:266,16,1,0
BRDA:278,17,0,0
BRDA:278,17,1,0
BRDA:303,18,0,0
BRDA:303,18,1,0
BRDA:303,19,0,0
BRDA:303,19,1,0
BRDA:321,20,0,0
BRDA:359,21,0,0
BRF:41
BRH:0
end_of_record
TN:
SF:src/lib/performance/cache.ts
FN:17,(anonymous_0)
FN:22,(anonymous_1)
FN:39,(anonymous_2)
FN:55,(anonymous_3)
FN:70,(anonymous_4)
FN:74,(anonymous_5)
FN:78,(anonymous_6)
FN:83,(anonymous_7)
FN:92,(anonymous_8)
FN:109,(anonymous_9)
FN:133,(anonymous_10)
FN:136,(anonymous_11)
FN:141,(anonymous_12)
FN:150,(anonymous_13)
FN:160,(anonymous_14)
FN:170,(anonymous_15)
FN:186,(anonymous_16)
FN:192,(anonymous_17)
FN:198,(anonymous_18)
FN:212,(anonymous_19)
FN:237,(anonymous_20)
FN:251,(anonymous_21)
FN:263,(anonymous_22)
FN:267,(anonymous_23)
FN:271,(anonymous_24)
FN:296,withCache
FN:316,generateCacheKey
FN:319,(anonymous_27)
FNF:28
FNH:0
FNDA:0,(anonymous_0)
FNDA:0,(anonymous_1)
FNDA:0,(anonymous_2)
FNDA:0,(anonymous_3)
FNDA:0,(anonymous_4)
FNDA:0,(anonymous_5)
FNDA:0,(anonymous_6)
FNDA:0,(anonymous_7)
FNDA:0,(anonymous_8)
FNDA:0,(anonymous_9)
FNDA:0,(anonymous_10)
FNDA:0,(anonymous_11)
FNDA:0,(anonymous_12)
FNDA:0,(anonymous_13)
FNDA:0,(anonymous_14)
FNDA:0,(anonymous_15)
FNDA:0,(anonymous_16)
FNDA:0,(anonymous_17)
FNDA:0,(anonymous_18)
FNDA:0,(anonymous_19)
FNDA:0,(anonymous_20)
FNDA:0,(anonymous_21)
FNDA:0,(anonymous_22)
FNDA:0,(anonymous_23)
FNDA:0,(anonymous_24)
FNDA:0,withCache
FNDA:0,generateCacheKey
FNDA:0,(anonymous_27)
DA:13,0
DA:18,0
DA:19,0
DA:24,0
DA:27,0
DA:28,0
DA:31,0
DA:32,0
DA:40,0
DA:42,0
DA:43,0
DA:47,0
DA:48,0
DA:49,0
DA:52,0
DA:56,0
DA:58,0
DA:59,0
DA:62,0
DA:63,0
DA:64,0
DA:67,0
DA:71,0
DA:75,0
DA:79,0
DA:80,0
DA:84,0
DA:85,0
DA:86,0
DA:87,0
DA:93,0
DA:94,0
DA:96,0
DA:97,0
DA:98,0
DA:99,0
DA:103,0
DA:104,0
DA:110,0
DA:111,0
DA:112,0
DA:113,0
DA:115,0
DA:116,0
DA:117,0
DA:118,0
DA:122,0
DA:134,0
DA:138,0
DA:142,0
DA:143,0
DA:147,0
DA:151,0
DA:152,0
DA:156,0
DA:157,0
DA:161,0
DA:162,0
DA:166,0
DA:167,0
DA:171,0
DA:172,0
DA:176,0
DA:181,0
DA:187,0
DA:188,0
DA:189,0
DA:193,0
DA:194,0
DA:200,0
DA:203,0
DA:204,0
DA:205,0
DA:207,0
DA:214,0
DA:216,0
DA:217,0
DA:221,0
DA:222,0
DA:223,0
DA:224,0
DA:226,0
DA:227,0
DA:230,0
DA:234,0
DA:238,0
DA:240,0
DA:241,0
DA:242,0
DA:244,0
DA:248,0
DA:252,0
DA:254,0
DA:255,0
DA:256,0
DA:258,0
DA:264,0
DA:268,0
DA:272,0
DA:277,0
DA:283,0
DA:289,0
DA:296,0
DA:303,0
DA:304,0
DA:305,0
DA:309,0
DA:310,0
DA:312,0
DA:316,0
DA:317,0
DA:319,0
DA:322,0
LF:113
LH:0
BRDA:17,0,0,0
BRDA:18,1,0,0
BRDA:18,1,1,0
BRDA:19,2,0,0
BRDA:19,2,1,0
BRDA:27,3,0,0
BRDA:27,3,1,0
BRDA:31,4,0,0
BRDA:31,4,1,0
BRDA:42,5,0,0
BRDA:42,5,1,0
BRDA:47,6,0,0
BRDA:47,6,1,0
BRDA:58,7,0,0
BRDA:58,7,1,0
BRDA:62,8,0,0
BRDA:62,8,1,0
BRDA:86,9,0,0
BRDA:86,9,1,0
BRDA:97,10,0,0
BRDA:97,10,1,0
BRDA:103,11,0,0
BRDA:103,11,1,0
BRDA:117,12,0,0
BRDA:117,12,1,0
BRDA:126,13,0,0
BRDA:126,13,1,0
BRDA:142,14,0,0
BRDA:142,14,1,0
BRDA:147,15,0,0
BRDA:147,15,1,0
BRDA:151,16,0,0
BRDA:151,16,1,0
BRDA:161,17,0,0
BRDA:161,17,1,0
BRDA:171,18,0,0
BRDA:171,18,1,0
BRDA:186,19,0,0
BRDA:189,20,0,0
BRDA:189,20,1,0
BRDA:193,21,0,0
BRDA:193,21,1,0
BRDA:203,22,0,0
BRDA:203,22,1,0
BRDA:216,23,0,0
BRDA:216,23,1,0
BRDA:221,24,0,0
BRDA:221,24,1,0
BRDA:224,25,0,0
BRDA:224,25,1,0
BRDA:240,26,0,0
BRDA:240,26,1,0
BRDA:254,27,0,0
BRDA:254,27,1,0
BRDA:304,28,0,0
BRDA:304,28,1,0
BRF:56
BRH:0
end_of_record
TN:
SF:src/lib/performance/database-optimization.ts
FN:7,(anonymous_0)
FN:14,(anonymous_1)
FN:106,(anonymous_2)
FN:157,(anonymous_3)
FN:208,(anonymous_4)
FN:228,(anonymous_5)
FN:284,(anonymous_6)
FN:327,(anonymous_7)
FN:359,(anonymous_8)
FN:388,(anonymous_9)
FN:431,createOptimizedPrismaClient
FNF:11
FNH:0
FNDA:0,(anonymous_0)
FNDA:0,(anonymous_1)
FNDA:0,(anonymous_2)
FNDA:0,(anonymous_3)
FNDA:0,(anonymous_4)
FNDA:0,(anonymous_5)
FNDA:0,(anonymous_6)
FNDA:0,(anonymous_7)
FNDA:0,(anonymous_8)
FNDA:0,(anonymous_9)
FNDA:0,createOptimizedPrismaClient
DA:1,0
DA:4,0
DA:8,0
DA:31,0
DA:33,0
DA:36,0
DA:40,0
DA:41,0
DA:47,0
DA:48,0
DA:51,0
DA:52,0
DA:57,0
DA:58,0
DA:61,0
DA:90,0
DA:111,0
DA:113,0
DA:126,0
DA:127,0
DA:130,0
DA:131,0
DA:134,0
DA:161,0
DA:163,0
DA:167,0
DA:168,0
DA:171,0
DA:172,0
DA:176,0
DA:178,0
DA:179,0
DA:182,0
DA:184,0
DA:209,0
DA:233,0
DA:235,0
DA:244,0
DA:245,0
DA:248,0
DA:249,0
DA:255,0
DA:291,0
DA:315,0
DA:328,0
DA:360,0
DA:362,0
DA:363,0
DA:364,0
DA:366,0
DA:375,0
DA:377,0
DA:389,0
DA:390,0
DA:396,0
DA:422,0
DA:431,0
DA:432,0
DA:441,0
LF:59
LH:0
BRDA:14,0,0,0
BRDA:24,1,0,0
BRDA:25,2,0,0
BRDA:28,3,0,0
BRDA:29,4,0,0
BRDA:30,5,0,0
BRDA:40,6,0,0
BRDA:40,6,1,0
BRDA:47,7,0,0
BRDA:47,7,1,0
BRDA:51,8,0,0
BRDA:51,8,1,0
BRDA:106,9,0,0
BRDA:111,10,0,0
BRDA:126,11,0,0
BRDA:126,11,1,0
BRDA:130,12,0,0
BRDA:130,12,1,0
BRDA:157,13,0,0
BRDA:157,14,0,0
BRDA:167,15,0,0
BRDA:167,15,1,0
BRDA:171,16,0,0
BRDA:171,16,1,0
BRDA:178,17,0,0
BRDA:178,17,1,0
BRDA:228,18,0,0
BRDA:233,19,0,0
BRDA:244,20,0,0
BRDA:244,20,1,0
BRDA:248,21,0,0
BRDA:248,21,1,0
BRDA:359,22,0,0
BRDA:369,23,0,0
BRDA:369,23,1,0
BRDA:370,24,0,0
BRDA:370,24,1,0
BRDA:371,25,0,0
BRDA:371,25,1,0
BRDA:372,26,0,0
BRDA:372,26,1,0
BRDA:433,27,0,0
BRDA:433,27,1,0
BRF:43
BRH:0
end_of_record
TN:
SF:src/lib/performance/image-optimization.ts
FN:33,(anonymous_1)
FN:106,(anonymous_2)
FN:137,(anonymous_3)
FN:171,(anonymous_4)
FN:209,(anonymous_5)
FN:279,optimizeWithPreset
FN:295,isValidImageFormat
FN:299,isValidImageMimeType
FNF:8
FNH:0
FNDA:0,(anonymous_1)
FNDA:0,(anonymous_2)
FNDA:0,(anonymous_3)
FNDA:0,(anonymous_4)
FNDA:0,(anonymous_5)
FNDA:0,optimizeWithPreset
FNDA:0,isValidImageFormat
FNDA:0,isValidImageMimeType
DA:1,0
DA:21,0
DA:22,0
DA:37,0
DA:39,0
DA:40,0
DA:43,0
DA:44,0
DA:51,0
DA:53,0
DA:58,0
DA:61,0
DA:66,0
DA:69,0
DA:73,0
DA:76,0
DA:80,0
DA:83,0
DA:86,0
DA:87,0
DA:89,0
DA:99,0
DA:110,0
DA:118,0
DA:120,0
DA:121,0
DA:128,0
DA:131,0
DA:145,0
DA:152,0
DA:160,0
DA:165,0
DA:178,0
DA:179,0
DA:182,0
DA:183,0
DA:187,0
DA:188,0
DA:191,0
DA:192,0
DA:196,0
DA:197,0
DA:200,0
DA:202,0
DA:219,0
DA:220,0
DA:221,0
DA:222,0
DA:223,0
DA:225,0
DA:236,0
DA:279,0
DA:283,0
DA:287,0
DA:288,0
DA:295,0
DA:296,0
DA:299,0
DA:300,0
LF:59
LH:0
BRDA:35,0,0,0
BRDA:43,1,0,0
BRDA:43,1,1,0
BRDA:43,2,0,0
BRDA:43,2,1,0
BRDA:51,3,0,0
BRDA:51,3,1,0
BRDA:51,3,2,0
BRDA:51,3,3,0
BRDA:51,3,4,0
BRDA:94,4,0,0
BRDA:94,4,1,0
BRDA:95,5,0,0
BRDA:95,5,1,0
BRDA:108,6,0,0
BRDA:139,7,0,0
BRDA:140,8,0,0
BRDA:182,9,0,0
BRDA:182,9,1,0
BRDA:187,10,0,0
BRDA:187,10,1,0
BRDA:187,11,0,0
BRDA:187,11,1,0
BRDA:187,12,0,0
BRDA:187,12,1,0
BRDA:191,13,0,0
BRDA:191,13,1,0
BRDA:191,14,0,0
BRDA:191,14,1,0
BRDA:191,15,0,0
BRDA:191,15,1,0
BRDA:196,16,0,0
BRDA:196,16,1,0
BRF:33
BRH:0
end_of_record
TN:
SF:src/lib/performance/index.ts
FN:43,(anonymous_4)
FN:44,(anonymous_5)
FN:45,(anonymous_6)
FN:49,(anonymous_7)
FN:52,(anonymous_8)
FNF:5
FNH:0
FNDA:0,(anonymous_4)
FNDA:0,(anonymous_5)
FNDA:0,(anonymous_6)
FNDA:0,(anonymous_7)
FNDA:0,(anonymous_8)
DA:2,0
DA:3,0
DA:4,0
DA:5,0
DA:8,0
DA:42,0
DA:43,0
DA:44,0
DA:45,0
DA:49,0
DA:52,0
LF:11
LH:0
BRF:0
BRH:0
end_of_record
TN:
SF:src/lib/performance/response-optimization.ts
FN:36,(anonymous_0)
FN:87,(anonymous_1)
FN:120,(anonymous_2)
FN:149,(anonymous_3)
FN:188,(anonymous_4)
FN:197,(anonymous_5)
FN:205,(anonymous_6)
FN:218,calculatePagination
FN:234,getPaginationOffset
FN:277,optimizeWithConfig
FNF:10
FNH:0
FNDA:0,(anonymous_0)
FNDA:0,(anonymous_1)
FNDA:0,(anonymous_2)
FNDA:0,(anonymous_3)
FNDA:0,(anonymous_4)
FNDA:0,(anonymous_5)
FNDA:0,(anonymous_6)
FNDA:0,calculatePagination
FNDA:0,getPaginationOffset
FNDA:0,optimizeWithConfig
DA:1,0
DA:2,0
DA:3,0
DA:5,0
DA:6,0
DA:27,0
DA:28,0
DA:46,0
DA:49,0
DA:50,0
DA:53,0
DA:56,0
DA:57,0
DA:58,0
DA:60,0
DA:65,0
DA:66,0
DA:67,0
DA:68,0
DA:70,0
DA:74,0
DA:81,0
DA:92,0
DA:93,0
DA:94,0
DA:95,0
DA:97,0
DA:111,0
DA:124,0
DA:126,0
DA:128,0
DA:135,0
DA:136,0
DA:143,0
DA:159,0
DA:162,0
DA:163,0
DA:166,0
DA:167,0
DA:171,0
DA:172,0
DA:173,0
DA:174,0
DA:180,0
DA:181,0
DA:182,0
DA:189,0
DA:190,0
DA:191,0
DA:198,0
DA:199,0
DA:209,0
DA:210,0
DA:218,0
DA:223,0
DA:224,0
DA:225,0
DA:227,0
DA:234,0
DA:235,0
DA:239,0
DA:277,0
DA:282,0
DA:283,0
LF:64
LH:0
BRDA:38,0,0,0
BRDA:41,1,0,0
BRDA:42,2,0,0
BRDA:43,3,0,0
BRDA:44,4,0,0
BRDA:56,5,0,0
BRDA:56,5,1,0
BRDA:56,6,0,0
BRDA:56,6,1,0
BRDA:56,7,0,0
BRDA:56,7,1,0
BRDA:65,8,0,0
BRDA:65,8,1,0
BRDA:65,9,0,0
BRDA:65,9,1,0
BRDA:76,10,0,0
BRDA:76,10,1,0
BRDA:76,11,0,0
BRDA:76,11,1,0
BRDA:76,12,0,0
BRDA:76,12,1,0
BRDA:90,13,0,0
BRDA:106,14,0,0
BRDA:106,14,1,0
BRDA:107,15,0,0
BRDA:107,15,1,0
BRDA:122,16,0,0
BRDA:135,17,0,0
BRDA:135,17,1,0
BRDA:162,18,0,0
BRDA:162,18,1,0
BRDA:171,19,0,0
BRDA:171,19,1,0
BRDA:198,20,0,0
BRDA:198,20,1,0
BRDA:199,21,0,0
BRDA:199,21,1,0
BRDA:206,22,0,0
BRDA:207,23,0,0
BRDA:209,24,0,0
BRDA:209,24,1,0
BRDA:280,25,0,0
BRF:42
BRH:0
end_of_record
TN:
SF:src/lib/security/csrf.ts
FN:10,generateCSRFToken
FN:14,(anonymous_1)
FN:23,validateCSRFToken
FN:31,cleanupExpiredTokens
FN:33,(anonymous_4)
FNF:5
FNH:0
FNDA:0,generateCSRFToken
FNDA:0,(anonymous_1)
FNDA:0,validateCSRFToken
FNDA:0,cleanupExpiredTokens
FNDA:0,(anonymous_4)
DA:8,0
DA:10,0
DA:12,0
DA:13,0
DA:14,0
DA:16,0
DA:20,0
DA:23,0
DA:24,0
DA:25,0
DA:26,0
DA:28,0
DA:31,0
DA:32,0
DA:33,0
DA:34,0
DA:35,0
LF:17
LH:0
BRDA:25,0,0,0
BRDA:25,0,1,0
BRDA:25,1,0,0
BRDA:25,1,1,0
BRDA:34,2,0,0
BRDA:34,2,1,0
BRF:6
BRH:0
end_of_record
TN:
SF:src/lib/security/file-validation.ts
FN:7,validateFile
FNF:1
FNH:0
FNDA:0,validateFile
DA:7,0
DA:12,0
DA:13,0
DA:20,0
DA:21,0
DA:28,0
DA:29,0
DA:30,0
DA:36,0
DA:39,0
DA:45,0
LF:11
LH:0
BRDA:12,0,0,0
BRDA:12,0,1,0
BRDA:20,1,0,0
BRDA:20,1,1,0
BRDA:28,2,0,0
BRDA:28,2,1,0
BRDA:28,3,0,0
BRDA:28,3,1,0
BRDA:29,4,0,0
BRDA:29,4,1,0
BRDA:29,5,0,0
BRDA:29,5,1,0
BRF:12
BRH:0
end_of_record
TN:
SF:src/lib/security/index.ts
FNF:0
FNH:0
DA:2,0
DA:3,0
DA:4,0
DA:5,0
DA:6,0
DA:9,0
LF:6
LH:0
BRF:0
BRH:0
end_of_record
TN:
SF:src/lib/security/rate-limit-extended.ts
FNF:0
FNH:0
DA:1,0
DA:4,0
DA:9,0
DA:14,0
DA:19,0
DA:24,0
DA:29,0
DA:34,0
LF:8
LH:0
BRF:0
BRH:0
end_of_record
TN:
SF:src/lib/security/sanitization.ts
FN:1,sanitizeInput
FN:13,sanitizeHTML
FN:25,sanitizeEmail
FN:34,sanitizePhone
FNF:4
FNH:0
FNDA:0,sanitizeInput
FNDA:0,sanitizeHTML
FNDA:0,sanitizeEmail
FNDA:0,sanitizePhone
DA:1,0
DA:2,0
DA:4,0
DA:13,0
DA:14,0
DA:16,0
DA:25,0
DA:26,0
DA:28,0
DA:34,0
DA:35,0
DA:37,0
LF:12
LH:0
BRDA:2,0,0,0
BRDA:2,0,1,0
BRDA:14,1,0,0
BRDA:14,1,1,0
BRDA:26,2,0,0
BRDA:26,2,1,0
BRDA:35,3,0,0
BRDA:35,3,1,0
BRF:8
BRH:0
end_of_record
TN:
SF:src/lib/security/security-middleware.ts
FN:5,applySecurityMiddleware
FN:47,sanitizeRequestBody
FNF:2
FNH:0
FNDA:0,applySecurityMiddleware
FNDA:0,sanitizeRequestBody
DA:1,0
DA:2,0
DA:3,0
DA:5,0
DA:11,0
DA:13,0
DA:14,0
DA:15,0
DA:17,0
DA:18,0
DA:20,0
DA:21,0
DA:23,0
DA:25,0
DA:28,0
DA:29,0
DA:44,0
DA:47,0
DA:48,0
DA:49,0
DA:52,0
DA:53,0
DA:54,0
DA:55,0
DA:56,0
DA:57,0
DA:58,0
DA:60,0
DA:63,0
DA:66,0
LF:30
LH:0
BRDA:13,0,0,0
BRDA:13,0,1,0
BRDA:13,1,0,0
BRDA:13,1,1,0
BRDA:15,2,0,0
BRDA:15,2,1,0
BRDA:15,3,0,0
BRDA:15,3,1,0
BRDA:15,3,2,0
BRDA:18,4,0,0
BRDA:18,4,1,0
BRDA:18,5,0,0
BRDA:18,5,1,0
BRDA:18,5,2,0
BRDA:21,6,0,0
BRDA:21,6,1,0
BRDA:21,7,0,0
BRDA:21,7,1,0
BRDA:21,7,2,0
BRDA:28,8,0,0
BRDA:28,8,1,0
BRDA:48,9,0,0
BRDA:48,9,1,0
BRDA:52,10,0,0
BRDA:52,10,1,0
BRDA:52,11,0,0
BRDA:52,11,1,0
BRDA:55,12,0,0
BRDA:55,12,1,0
BRDA:57,13,0,0
BRDA:57,13,1,0
BRDA:57,14,0,0
BRDA:57,14,1,0
BRF:33
BRH:0
end_of_record
TN:
SF:src/lib/seo/index.ts
FN:46,(anonymous_4)
FNF:1
FNH:0
FNDA:0,(anonymous_4)
DA:2,0
DA:5,0
DA:46,0
LF:3
LH:0
BRDA:10,0,0,0
BRDA:10,0,1,0
BRF:2
BRH:0
end_of_record
TN:
SF:src/lib/seo/metadata-generator.ts
FN:35,(anonymous_0)
FN:40,(anonymous_1)
FN:54,(anonymous_2)
FN:79,(anonymous_3)
FN:94,(anonymous_4)
FN:110,(anonymous_5)
FN:120,(anonymous_6)
FN:171,(anonymous_7)
FN:181,(anonymous_8)
FN:227,(anonymous_9)
FN:265,(anonymous_10)
FN:272,(anonymous_11)
FN:282,(anonymous_12)
FN:289,(anonymous_13)
FN:301,(anonymous_14)
FN:337,(anonymous_15)
FN:343,(anonymous_16)
FN:361,(anonymous_17)
FN:387,(anonymous_18)
FN:398,(anonymous_19)
FN:409,(anonymous_20)
FN:426,(anonymous_21)
FNF:22
FNH:0
FNDA:0,(anonymous_0)
FNDA:0,(anonymous_1)
FNDA:0,(anonymous_2)
FNDA:0,(anonymous_3)
FNDA:0,(anonymous_4)
FNDA:0,(anonymous_5)
FNDA:0,(anonymous_6)
FNDA:0,(anonymous_7)
FNDA:0,(anonymous_8)
FNDA:0,(anonymous_9)
FNDA:0,(anonymous_10)
FNDA:0,(anonymous_11)
FNDA:0,(anonymous_12)
FNDA:0,(anonymous_13)
FNDA:0,(anonymous_14)
FNDA:0,(anonymous_15)
FNDA:0,(anonymous_16)
FNDA:0,(anonymous_17)
FNDA:0,(anonymous_18)
FNDA:0,(anonymous_19)
FNDA:0,(anonymous_20)
FNDA:0,(anonymous_21)
DA:32,0
DA:36,0
DA:41,0
DA:55,0
DA:56,0
DA:57,0
DA:59,0
DA:80,0
DA:81,0
DA:83,0
DA:95,0
DA:96,0
DA:98,0
DA:111,0
DA:137,0
DA:171,0
DA:172,0
DA:173,0
DA:177,0
DA:196,0
DA:238,0
DA:269,0
DA:272,0
DA:286,0
DA:289,0
DA:302,0
DA:305,0
DA:306,0
DA:322,0
DA:323,0
DA:333,0
DA:338,0
DA:340,0
DA:341,0
DA:343,0
DA:344,0
DA:345,0
DA:346,0
DA:347,0
DA:357,0
DA:363,0
DA:364,0
DA:366,0
DA:370,0
DA:379,0
DA:387,0
DA:388,0
DA:398,0
DA:399,0
DA:409,0
DA:410,0
DA:419,0
DA:422,0
DA:427,0
DA:429,0
DA:452,0
DA:463,0
LF:57
LH:0
BRDA:55,0,0,0
BRDA:55,0,1,0
BRDA:56,1,0,0
BRDA:56,1,1,0
BRDA:62,2,0,0
BRDA:62,2,1,0
BRDA:69,3,0,0
BRDA:69,3,1,0
BRDA:70,4,0,0
BRDA:70,4,1,0
BRDA:71,5,0,0
BRDA:71,5,1,0
BRDA:72,6,0,0
BRDA:72,6,1,0
BRDA:73,7,0,0
BRDA:73,7,1,0
BRDA:74,8,0,0
BRDA:74,8,1,0
BRDA:80,9,0,0
BRDA:80,9,1,0
BRDA:88,10,0,0
BRDA:88,10,1,0
BRDA:89,11,0,0
BRDA:89,11,1,0
BRDA:96,12,0,0
BRDA:96,12,1,0
BRDA:102,13,0,0
BRDA:102,13,1,0
BRDA:142,14,0,0
BRDA:142,14,1,0
BRDA:155,15,0,0
BRDA:155,15,1,0
BRDA:155,16,0,0
BRDA:155,16,1,0
BRDA:155,17,0,0
BRDA:155,17,1,0
BRDA:156,18,0,0
BRDA:156,18,1,0
BRDA:156,19,0,0
BRDA:156,19,1,0
BRDA:156,20,0,0
BRDA:156,20,1,0
BRDA:159,21,0,0
BRDA:159,21,1,0
BRDA:162,22,0,0
BRDA:162,22,1,0
BRDA:164,23,0,0
BRDA:164,23,1,0
BRDA:172,24,0,0
BRDA:172,24,1,0
BRDA:201,25,0,0
BRDA:201,25,1,0
BRDA:217,26,0,0
BRDA:217,26,1,0
BRDA:243,27,0,0
BRDA:243,27,1,0
BRDA:246,28,0,0
BRDA:246,28,1,0
BRDA:305,29,0,0
BRDA:305,29,1,0
BRDA:322,30,0,0
BRDA:322,30,1,0
BRDA:338,31,0,0
BRDA:338,31,1,0
BRDA:344,32,0,0
BRDA:344,32,1,0
BRDA:344,33,0,0
BRDA:344,33,1,0
BRDA:344,33,2,0
BRDA:344,33,3,0
BRDA:346,34,0,0
BRDA:346,34,1,0
BRDA:455,35,0,0
BRDA:455,35,1,0
BRDA:456,36,0,0
BRDA:456,36,1,0
BRF:76
BRH:0
end_of_record
TN:
SF:src/middleware/api-monitoring.ts
FN:4,withAPIMonitoring
FN:5,(anonymous_1)
FN:41,createAPIMiddleware
FN:42,(anonymous_3)
FN:55,(anonymous_4)
FNF:5
FNH:0
FNDA:0,withAPIMonitoring
FNDA:0,(anonymous_1)
FNDA:0,createAPIMiddleware
FNDA:0,(anonymous_3)
FNDA:0,(anonymous_4)
DA:1,0
DA:2,0
DA:4,0
DA:5,0
DA:6,0
DA:7,0
DA:8,0
DA:9,0
DA:13,0
DA:15,0
DA:18,0
DA:19,0
DA:23,0
DA:24,0
DA:31,0
DA:32,0
DA:36,0
DA:41,0
DA:42,0
DA:43,0
DA:46,0
DA:47,0
DA:48,0
DA:49,0
DA:52,0
DA:55,0
DA:56,0
DA:57,0
DA:62,0
DA:65,0
LF:30
LH:0
BRDA:20,0,0,0
BRDA:20,0,1,0
BRDA:20,0,2,0
BRDA:33,1,0,0
BRDA:33,1,1,0
BRDA:33,1,2,0
BRDA:46,2,0,0
BRDA:46,2,1,0
BRDA:58,3,0,0
BRDA:58,3,1,0
BRDA:58,3,2,0
BRF:11
BRH:0
end_of_record
TN:
SF:src/types/establishment-form.types.ts
FNF:0
FNH:0
DA:212,0
DA:255,0
LF:2
LH:0
BRF:0
BRH:0
end_of_record
TN:
SF:src/types/menu.types.ts
FNF:0
FNH:0
DA:50,0
LF:1
LH:0
BRF:0
BRH:0
end_of_record
